Apache Maven 3.3.9 (bb52d8502b132ec0a5a3f4c09453c07478323dc5; 2015-11-10T22:11:47+05:30)
Maven home: D:\apache-maven-3.3.9\bin\..
Java version: 1.7.0_80, vendor: Oracle Corporation
Java home: C:\Program Files\Java\jdk1.7.0_80\jre
Default locale: en_US, platform encoding: Cp1252
OS name: "windows 7", version: "6.1", arch: "amd64", family: "windows"
[DEBUG] Created new class realm maven.api
[DEBUG] Importing foreign packages into class realm maven.api
[DEBUG]   Imported: javax.enterprise.inject.* < plexus.core
[DEBUG]   Imported: javax.enterprise.util.* < plexus.core
[DEBUG]   Imported: javax.inject.* < plexus.core
[DEBUG]   Imported: org.apache.maven.* < plexus.core
[DEBUG]   Imported: org.apache.maven.artifact < plexus.core
[DEBUG]   Imported: org.apache.maven.classrealm < plexus.core
[DEBUG]   Imported: org.apache.maven.cli < plexus.core
[DEBUG]   Imported: org.apache.maven.configuration < plexus.core
[DEBUG]   Imported: org.apache.maven.exception < plexus.core
[DEBUG]   Imported: org.apache.maven.execution < plexus.core
[DEBUG]   Imported: org.apache.maven.execution.scope < plexus.core
[DEBUG]   Imported: org.apache.maven.lifecycle < plexus.core
[DEBUG]   Imported: org.apache.maven.model < plexus.core
[DEBUG]   Imported: org.apache.maven.monitor < plexus.core
[DEBUG]   Imported: org.apache.maven.plugin < plexus.core
[DEBUG]   Imported: org.apache.maven.profiles < plexus.core
[DEBUG]   Imported: org.apache.maven.project < plexus.core
[DEBUG]   Imported: org.apache.maven.reporting < plexus.core
[DEBUG]   Imported: org.apache.maven.repository < plexus.core
[DEBUG]   Imported: org.apache.maven.rtinfo < plexus.core
[DEBUG]   Imported: org.apache.maven.settings < plexus.core
[DEBUG]   Imported: org.apache.maven.toolchain < plexus.core
[DEBUG]   Imported: org.apache.maven.usability < plexus.core
[DEBUG]   Imported: org.apache.maven.wagon.* < plexus.core
[DEBUG]   Imported: org.apache.maven.wagon.authentication < plexus.core
[DEBUG]   Imported: org.apache.maven.wagon.authorization < plexus.core
[DEBUG]   Imported: org.apache.maven.wagon.events < plexus.core
[DEBUG]   Imported: org.apache.maven.wagon.observers < plexus.core
[DEBUG]   Imported: org.apache.maven.wagon.proxy < plexus.core
[DEBUG]   Imported: org.apache.maven.wagon.repository < plexus.core
[DEBUG]   Imported: org.apache.maven.wagon.resource < plexus.core
[DEBUG]   Imported: org.codehaus.classworlds < plexus.core
[DEBUG]   Imported: org.codehaus.plexus.* < plexus.core
[DEBUG]   Imported: org.codehaus.plexus.classworlds < plexus.core
[DEBUG]   Imported: org.codehaus.plexus.component < plexus.core
[DEBUG]   Imported: org.codehaus.plexus.configuration < plexus.core
[DEBUG]   Imported: org.codehaus.plexus.container < plexus.core
[DEBUG]   Imported: org.codehaus.plexus.context < plexus.core
[DEBUG]   Imported: org.codehaus.plexus.lifecycle < plexus.core
[DEBUG]   Imported: org.codehaus.plexus.logging < plexus.core
[DEBUG]   Imported: org.codehaus.plexus.personality < plexus.core
[DEBUG]   Imported: org.codehaus.plexus.util.xml.Xpp3Dom < plexus.core
[DEBUG]   Imported: org.codehaus.plexus.util.xml.pull.XmlPullParser < plexus.core
[DEBUG]   Imported: org.codehaus.plexus.util.xml.pull.XmlPullParserException < plexus.core
[DEBUG]   Imported: org.codehaus.plexus.util.xml.pull.XmlSerializer < plexus.core
[DEBUG]   Imported: org.eclipse.aether.* < plexus.core
[DEBUG]   Imported: org.eclipse.aether.artifact < plexus.core
[DEBUG]   Imported: org.eclipse.aether.collection < plexus.core
[DEBUG]   Imported: org.eclipse.aether.deployment < plexus.core
[DEBUG]   Imported: org.eclipse.aether.graph < plexus.core
[DEBUG]   Imported: org.eclipse.aether.impl < plexus.core
[DEBUG]   Imported: org.eclipse.aether.installation < plexus.core
[DEBUG]   Imported: org.eclipse.aether.internal.impl < plexus.core
[DEBUG]   Imported: org.eclipse.aether.metadata < plexus.core
[DEBUG]   Imported: org.eclipse.aether.repository < plexus.core
[DEBUG]   Imported: org.eclipse.aether.resolution < plexus.core
[DEBUG]   Imported: org.eclipse.aether.spi < plexus.core
[DEBUG]   Imported: org.eclipse.aether.transfer < plexus.core
[DEBUG]   Imported: org.eclipse.aether.version < plexus.core
[DEBUG]   Imported: org.slf4j.* < plexus.core
[DEBUG]   Imported: org.slf4j.helpers.* < plexus.core
[DEBUG]   Imported: org.slf4j.spi.* < plexus.core
[DEBUG] Populating class realm maven.api
[INFO] Error stacktraces are turned on.
[DEBUG] Reading global settings from D:\apache-maven-3.3.9\bin\..\conf\settings.xml
[DEBUG] Reading user settings from C:\Users\prosenjit.majumder\.m2\settings.xml
[DEBUG] Reading global toolchains from D:\apache-maven-3.3.9\bin\..\conf\toolchains.xml
[DEBUG] Reading user toolchains from C:\Users\prosenjit.majumder\.m2\toolchains.xml
[DEBUG] Using local repository at C:\Users\prosenjit.majumder\.m2\repository
[DEBUG] Using manager EnhancedLocalRepositoryManager with priority 10.0 for C:\Users\prosenjit.majumder\.m2\repository
[INFO] Scanning for projects...
[DEBUG] Extension realms for project RealTimeProject:RealTimeProject:jar:0.0.1-SNAPSHOT: (none)
[DEBUG] Looking up lifecyle mappings for packaging jar from ClassRealm[plexus.core, parent: null]
[DEBUG] === REACTOR BUILD PLAN ================================================
[DEBUG] Project: RealTimeProject:RealTimeProject:jar:0.0.1-SNAPSHOT
[DEBUG] Tasks:   [clean, install]
[DEBUG] Style:   Regular
[DEBUG] =======================================================================
[INFO]                                                                         
[INFO] ------------------------------------------------------------------------
[INFO] Building Page Object Model 0.0.1-SNAPSHOT
[INFO] ------------------------------------------------------------------------
[DEBUG] Lifecycle default -> [validate, initialize, generate-sources, process-sources, generate-resources, process-resources, compile, process-classes, generate-test-sources, process-test-sources, generate-test-resources, process-test-resources, test-compile, process-test-classes, test, prepare-package, package, pre-integration-test, integration-test, post-integration-test, verify, install, deploy]
[DEBUG] Lifecycle clean -> [pre-clean, clean, post-clean]
[DEBUG] Lifecycle site -> [pre-site, site, post-site, site-deploy]
[DEBUG] Lifecycle default -> [validate, initialize, generate-sources, process-sources, generate-resources, process-resources, compile, process-classes, generate-test-sources, process-test-sources, generate-test-resources, process-test-resources, test-compile, process-test-classes, test, prepare-package, package, pre-integration-test, integration-test, post-integration-test, verify, install, deploy]
[DEBUG] Lifecycle clean -> [pre-clean, clean, post-clean]
[DEBUG] Lifecycle site -> [pre-site, site, post-site, site-deploy]
[DEBUG] Lifecycle default -> [validate, initialize, generate-sources, process-sources, generate-resources, process-resources, compile, process-classes, generate-test-sources, process-test-sources, generate-test-resources, process-test-resources, test-compile, process-test-classes, test, prepare-package, package, pre-integration-test, integration-test, post-integration-test, verify, install, deploy]
[DEBUG] Lifecycle clean -> [pre-clean, clean, post-clean]
[DEBUG] Lifecycle site -> [pre-site, site, post-site, site-deploy]
[DEBUG] Lifecycle default -> [validate, initialize, generate-sources, process-sources, generate-resources, process-resources, compile, process-classes, generate-test-sources, process-test-sources, generate-test-resources, process-test-resources, test-compile, process-test-classes, test, prepare-package, package, pre-integration-test, integration-test, post-integration-test, verify, install, deploy]
[DEBUG] Lifecycle clean -> [pre-clean, clean, post-clean]
[DEBUG] Lifecycle site -> [pre-site, site, post-site, site-deploy]
[DEBUG] Lifecycle default -> [validate, initialize, generate-sources, process-sources, generate-resources, process-resources, compile, process-classes, generate-test-sources, process-test-sources, generate-test-resources, process-test-resources, test-compile, process-test-classes, test, prepare-package, package, pre-integration-test, integration-test, post-integration-test, verify, install, deploy]
[DEBUG] Lifecycle clean -> [pre-clean, clean, post-clean]
[DEBUG] Lifecycle site -> [pre-site, site, post-site, site-deploy]
[DEBUG] Lifecycle default -> [validate, initialize, generate-sources, process-sources, generate-resources, process-resources, compile, process-classes, generate-test-sources, process-test-sources, generate-test-resources, process-test-resources, test-compile, process-test-classes, test, prepare-package, package, pre-integration-test, integration-test, post-integration-test, verify, install, deploy]
[DEBUG] Lifecycle clean -> [pre-clean, clean, post-clean]
[DEBUG] Lifecycle site -> [pre-site, site, post-site, site-deploy]
[DEBUG] Lifecycle default -> [validate, initialize, generate-sources, process-sources, generate-resources, process-resources, compile, process-classes, generate-test-sources, process-test-sources, generate-test-resources, process-test-resources, test-compile, process-test-classes, test, prepare-package, package, pre-integration-test, integration-test, post-integration-test, verify, install, deploy]
[DEBUG] Lifecycle clean -> [pre-clean, clean, post-clean]
[DEBUG] Lifecycle site -> [pre-site, site, post-site, site-deploy]
[DEBUG] Lifecycle default -> [validate, initialize, generate-sources, process-sources, generate-resources, process-resources, compile, process-classes, generate-test-sources, process-test-sources, generate-test-resources, process-test-resources, test-compile, process-test-classes, test, prepare-package, package, pre-integration-test, integration-test, post-integration-test, verify, install, deploy]
[DEBUG] Lifecycle clean -> [pre-clean, clean, post-clean]
[DEBUG] Lifecycle site -> [pre-site, site, post-site, site-deploy]
[DEBUG] Lifecycle default -> [validate, initialize, generate-sources, process-sources, generate-resources, process-resources, compile, process-classes, generate-test-sources, process-test-sources, generate-test-resources, process-test-resources, test-compile, process-test-classes, test, prepare-package, package, pre-integration-test, integration-test, post-integration-test, verify, install, deploy]
[DEBUG] Lifecycle clean -> [pre-clean, clean, post-clean]
[DEBUG] Lifecycle site -> [pre-site, site, post-site, site-deploy]
[DEBUG] Lifecycle default -> [validate, initialize, generate-sources, process-sources, generate-resources, process-resources, compile, process-classes, generate-test-sources, process-test-sources, generate-test-resources, process-test-resources, test-compile, process-test-classes, test, prepare-package, package, pre-integration-test, integration-test, post-integration-test, verify, install, deploy]
[DEBUG] Lifecycle clean -> [pre-clean, clean, post-clean]
[DEBUG] Lifecycle site -> [pre-site, site, post-site, site-deploy]
[DEBUG] === PROJECT BUILD PLAN ================================================
[DEBUG] Project:       RealTimeProject:RealTimeProject:0.0.1-SNAPSHOT
[DEBUG] Dependencies (collect): []
[DEBUG] Dependencies (resolve): [compile, runtime, test]
[DEBUG] Repositories (dependencies): [central (https://repo.maven.apache.org/maven2, default, releases)]
[DEBUG] Repositories (plugins)     : [central (https://repo.maven.apache.org/maven2, default, releases)]
[DEBUG] -----------------------------------------------------------------------
[DEBUG] Goal:          org.apache.maven.plugins:maven-clean-plugin:2.5:clean (default-clean)
[DEBUG] Style:         Regular
[DEBUG] Configuration: <?xml version="1.0" encoding="UTF-8"?>
<configuration>
  <directory default-value="${project.build.directory}"/>
  <excludeDefaultDirectories default-value="false">${clean.excludeDefaultDirectories}</excludeDefaultDirectories>
  <failOnError default-value="true">${maven.clean.failOnError}</failOnError>
  <followSymLinks default-value="false">${clean.followSymLinks}</followSymLinks>
  <outputDirectory default-value="${project.build.outputDirectory}"/>
  <reportDirectory default-value="${project.reporting.outputDirectory}"/>
  <retryOnError default-value="true">${maven.clean.retryOnError}</retryOnError>
  <skip default-value="false">${clean.skip}</skip>
  <testOutputDirectory default-value="${project.build.testOutputDirectory}"/>
  <verbose>${clean.verbose}</verbose>
</configuration>
[DEBUG] -----------------------------------------------------------------------
[DEBUG] Goal:          org.apache.maven.plugins:maven-resources-plugin:2.6:resources (default-resources)
[DEBUG] Style:         Regular
[DEBUG] Configuration: <?xml version="1.0" encoding="UTF-8"?>
<configuration>
  <buildFilters default-value="${project.build.filters}"/>
  <encoding default-value="${project.build.sourceEncoding}">${encoding}</encoding>
  <escapeString>${maven.resources.escapeString}</escapeString>
  <escapeWindowsPaths default-value="true">${maven.resources.escapeWindowsPaths}</escapeWindowsPaths>
  <includeEmptyDirs default-value="false">${maven.resources.includeEmptyDirs}</includeEmptyDirs>
  <outputDirectory default-value="${project.build.outputDirectory}"/>
  <overwrite default-value="false">${maven.resources.overwrite}</overwrite>
  <project default-value="${project}"/>
  <resources default-value="${project.resources}"/>
  <session default-value="${session}"/>
  <supportMultiLineFiltering default-value="false">${maven.resources.supportMultiLineFiltering}</supportMultiLineFiltering>
  <useBuildFilters default-value="true"/>
  <useDefaultDelimiters default-value="true"/>
</configuration>
[DEBUG] -----------------------------------------------------------------------
[DEBUG] Goal:          org.apache.maven.plugins:maven-compiler-plugin:3.1:compile (default-compile)
[DEBUG] Style:         Regular
[DEBUG] Configuration: <?xml version="1.0" encoding="UTF-8"?>
<configuration>
  <basedir default-value="${basedir}"/>
  <buildDirectory default-value="${project.build.directory}"/>
  <classpathElements default-value="${project.compileClasspathElements}"/>
  <compileSourceRoots default-value="${project.compileSourceRoots}"/>
  <compilerId default-value="javac">${maven.compiler.compilerId}</compilerId>
  <compilerReuseStrategy default-value="${reuseCreated}">${maven.compiler.compilerReuseStrategy}</compilerReuseStrategy>
  <compilerVersion>${maven.compiler.compilerVersion}</compilerVersion>
  <debug default-value="true">${maven.compiler.debug}</debug>
  <debuglevel>${maven.compiler.debuglevel}</debuglevel>
  <encoding default-value="${project.build.sourceEncoding}">${encoding}</encoding>
  <executable>${maven.compiler.executable}</executable>
  <failOnError default-value="true">${maven.compiler.failOnError}</failOnError>
  <forceJavacCompilerUse default-value="false">${maven.compiler.forceJavacCompilerUse}</forceJavacCompilerUse>
  <fork default-value="false">${maven.compiler.fork}</fork>
  <generatedSourcesDirectory default-value="${project.build.directory}/generated-sources/annotations"/>
  <maxmem>${maven.compiler.maxmem}</maxmem>
  <meminitial>${maven.compiler.meminitial}</meminitial>
  <mojoExecution>${mojoExecution}</mojoExecution>
  <optimize default-value="false">${maven.compiler.optimize}</optimize>
  <outputDirectory default-value="${project.build.outputDirectory}"/>
  <projectArtifact default-value="${project.artifact}"/>
  <showDeprecation default-value="false">${maven.compiler.showDeprecation}</showDeprecation>
  <showWarnings default-value="false">${maven.compiler.showWarnings}</showWarnings>
  <skipMain>${maven.main.skip}</skipMain>
  <skipMultiThreadWarning default-value="false">${maven.compiler.skipMultiThreadWarning}</skipMultiThreadWarning>
  <source default-value="1.5">1.7</source>
  <staleMillis default-value="0">${lastModGranularityMs}</staleMillis>
  <target default-value="1.5">1.7</target>
  <useIncrementalCompilation default-value="true">${maven.compiler.useIncrementalCompilation}</useIncrementalCompilation>
  <verbose default-value="false">${maven.compiler.verbose}</verbose>
  <mavenSession default-value="${session}"/>
  <session default-value="${session}"/>
</configuration>
[DEBUG] -----------------------------------------------------------------------
[DEBUG] Goal:          org.apache.maven.plugins:maven-resources-plugin:2.6:testResources (default-testResources)
[DEBUG] Style:         Regular
[DEBUG] Configuration: <?xml version="1.0" encoding="UTF-8"?>
<configuration>
  <buildFilters default-value="${project.build.filters}"/>
  <encoding default-value="${project.build.sourceEncoding}">${encoding}</encoding>
  <escapeString>${maven.resources.escapeString}</escapeString>
  <escapeWindowsPaths default-value="true">${maven.resources.escapeWindowsPaths}</escapeWindowsPaths>
  <includeEmptyDirs default-value="false">${maven.resources.includeEmptyDirs}</includeEmptyDirs>
  <outputDirectory default-value="${project.build.testOutputDirectory}"/>
  <overwrite default-value="false">${maven.resources.overwrite}</overwrite>
  <project default-value="${project}"/>
  <resources default-value="${project.testResources}"/>
  <session default-value="${session}"/>
  <skip>${maven.test.skip}</skip>
  <supportMultiLineFiltering default-value="false">${maven.resources.supportMultiLineFiltering}</supportMultiLineFiltering>
  <useBuildFilters default-value="true"/>
  <useDefaultDelimiters default-value="true"/>
</configuration>
[DEBUG] -----------------------------------------------------------------------
[DEBUG] Goal:          org.apache.maven.plugins:maven-compiler-plugin:3.1:testCompile (default-testCompile)
[DEBUG] Style:         Regular
[DEBUG] Configuration: <?xml version="1.0" encoding="UTF-8"?>
<configuration>
  <basedir default-value="${basedir}"/>
  <buildDirectory default-value="${project.build.directory}"/>
  <classpathElements default-value="${project.testClasspathElements}"/>
  <compileSourceRoots default-value="${project.testCompileSourceRoots}"/>
  <compilerId default-value="javac">${maven.compiler.compilerId}</compilerId>
  <compilerReuseStrategy default-value="${reuseCreated}">${maven.compiler.compilerReuseStrategy}</compilerReuseStrategy>
  <compilerVersion>${maven.compiler.compilerVersion}</compilerVersion>
  <debug default-value="true">${maven.compiler.debug}</debug>
  <debuglevel>${maven.compiler.debuglevel}</debuglevel>
  <encoding default-value="${project.build.sourceEncoding}">${encoding}</encoding>
  <executable>${maven.compiler.executable}</executable>
  <failOnError default-value="true">${maven.compiler.failOnError}</failOnError>
  <forceJavacCompilerUse default-value="false">${maven.compiler.forceJavacCompilerUse}</forceJavacCompilerUse>
  <fork default-value="false">${maven.compiler.fork}</fork>
  <generatedTestSourcesDirectory default-value="${project.build.directory}/generated-test-sources/test-annotations"/>
  <maxmem>${maven.compiler.maxmem}</maxmem>
  <meminitial>${maven.compiler.meminitial}</meminitial>
  <mojoExecution>${mojoExecution}</mojoExecution>
  <optimize default-value="false">${maven.compiler.optimize}</optimize>
  <outputDirectory default-value="${project.build.testOutputDirectory}"/>
  <showDeprecation default-value="false">${maven.compiler.showDeprecation}</showDeprecation>
  <showWarnings default-value="false">${maven.compiler.showWarnings}</showWarnings>
  <skip>${maven.test.skip}</skip>
  <skipMultiThreadWarning default-value="false">${maven.compiler.skipMultiThreadWarning}</skipMultiThreadWarning>
  <source default-value="1.5">1.7</source>
  <staleMillis default-value="0">${lastModGranularityMs}</staleMillis>
  <target default-value="1.5">1.7</target>
  <testSource>${maven.compiler.testSource}</testSource>
  <testTarget>${maven.compiler.testTarget}</testTarget>
  <useIncrementalCompilation default-value="true">${maven.compiler.useIncrementalCompilation}</useIncrementalCompilation>
  <verbose default-value="false">${maven.compiler.verbose}</verbose>
  <mavenSession default-value="${session}"/>
  <session default-value="${session}"/>
</configuration>
[DEBUG] -----------------------------------------------------------------------
[DEBUG] Goal:          org.apache.maven.plugins:maven-surefire-plugin:2.19.1:test (default-test)
[DEBUG] Style:         Regular
[DEBUG] Configuration: <?xml version="1.0" encoding="UTF-8"?>
<configuration>
  <additionalClasspathElements>${maven.test.additionalClasspath}</additionalClasspathElements>
  <argLine>${argLine}</argLine>
  <basedir default-value="${basedir}"/>
  <childDelegation default-value="false">${childDelegation}</childDelegation>
  <classesDirectory default-value="${project.build.outputDirectory}"/>
  <classpathDependencyExcludes>${maven.test.dependency.excludes}</classpathDependencyExcludes>
  <debugForkedProcess>${maven.surefire.debug}</debugForkedProcess>
  <dependenciesToScan>${dependenciesToScan}</dependenciesToScan>
  <disableXmlReport default-value="false">${disableXmlReport}</disableXmlReport>
  <enableAssertions default-value="true">${enableAssertions}</enableAssertions>
  <excludedGroups>${excludedGroups}</excludedGroups>
  <excludesFile>${surefire.excludesFile}</excludesFile>
  <failIfNoSpecifiedTests>${surefire.failIfNoSpecifiedTests}</failIfNoSpecifiedTests>
  <failIfNoTests>${failIfNoTests}</failIfNoTests>
  <forkCount default-value="1">${forkCount}</forkCount>
  <forkMode default-value="once">${forkMode}</forkMode>
  <forkedProcessTimeoutInSeconds>${surefire.timeout}</forkedProcessTimeoutInSeconds>
  <groups>${groups}</groups>
  <includesFile>${surefire.includesFile}</includesFile>
  <junitArtifactName default-value="junit:junit">${junitArtifactName}</junitArtifactName>
  <jvm>${jvm}</jvm>
  <localRepository default-value="${localRepository}"/>
  <objectFactory>${objectFactory}</objectFactory>
  <parallel>${parallel}</parallel>
  <parallelMavenExecution default-value="${session.parallel}"/>
  <parallelOptimized default-value="true">${parallelOptimized}</parallelOptimized>
  <parallelTestsTimeoutForcedInSeconds>${surefire.parallel.forcedTimeout}</parallelTestsTimeoutForcedInSeconds>
  <parallelTestsTimeoutInSeconds>${surefire.parallel.timeout}</parallelTestsTimeoutInSeconds>
  <perCoreThreadCount default-value="true">${perCoreThreadCount}</perCoreThreadCount>
  <pluginArtifactMap>${plugin.artifactMap}</pluginArtifactMap>
  <pluginDescriptor default-value="${plugin}"/>
  <printSummary default-value="true">${surefire.printSummary}</printSummary>
  <projectArtifactMap>${project.artifactMap}</projectArtifactMap>
  <redirectTestOutputToFile default-value="false">${maven.test.redirectTestOutputToFile}</redirectTestOutputToFile>
  <remoteRepositories default-value="${project.pluginArtifactRepositories}"/>
  <reportFormat default-value="brief">${surefire.reportFormat}</reportFormat>
  <reportNameSuffix default-value="">${surefire.reportNameSuffix}</reportNameSuffix>
  <reportsDirectory default-value="${project.build.directory}/surefire-reports"/>
  <rerunFailingTestsCount default-value="0">${surefire.rerunFailingTestsCount}</rerunFailingTestsCount>
  <reuseForks default-value="true">${reuseForks}</reuseForks>
  <runOrder default-value="filesystem">${surefire.runOrder}</runOrder>
  <shutdown default-value="testset">${surefire.shutdown}</shutdown>
  <skip default-value="false">${maven.test.skip}</skip>
  <skipAfterFailureCount default-value="0">${surefire.skipAfterFailureCount}</skipAfterFailureCount>
  <skipExec>${maven.test.skip.exec}</skipExec>
  <skipTests default-value="false">${skipTests}</skipTests>
  <suiteXmlFiles>
    <suiteXmlFile>testng.xml</suiteXmlFile>${surefire.suiteXmlFiles}</suiteXmlFiles>
  <test>${test}</test>
  <testClassesDirectory default-value="${project.build.testOutputDirectory}"/>
  <testFailureIgnore default-value="false">${maven.test.failure.ignore}</testFailureIgnore>
  <testNGArtifactName default-value="org.testng:testng">${testNGArtifactName}</testNGArtifactName>
  <testSourceDirectory default-value="${project.build.testSourceDirectory}"/>
  <threadCount>${threadCount}</threadCount>
  <threadCountClasses default-value="0">${threadCountClasses}</threadCountClasses>
  <threadCountMethods default-value="0">${threadCountMethods}</threadCountMethods>
  <threadCountSuites default-value="0">${threadCountSuites}</threadCountSuites>
  <trimStackTrace default-value="true">${trimStackTrace}</trimStackTrace>
  <useFile default-value="true">${surefire.useFile}</useFile>
  <useManifestOnlyJar default-value="true">${surefire.useManifestOnlyJar}</useManifestOnlyJar>
  <useSystemClassLoader default-value="true">${surefire.useSystemClassLoader}</useSystemClassLoader>
  <useUnlimitedThreads default-value="false">${useUnlimitedThreads}</useUnlimitedThreads>
  <workingDirectory>${basedir}</workingDirectory>
  <project default-value="${project}"/>
  <session default-value="${session}"/>
</configuration>
[DEBUG] -----------------------------------------------------------------------
[DEBUG] Goal:          org.apache.maven.plugins:maven-jar-plugin:2.4:jar (default-jar)
[DEBUG] Style:         Regular
[DEBUG] Configuration: <?xml version="1.0" encoding="UTF-8"?>
<configuration>
  <classesDirectory default-value="${project.build.outputDirectory}"/>
  <defaultManifestFile default-value="${project.build.outputDirectory}/META-INF/MANIFEST.MF"/>
  <finalName default-value="${project.build.finalName}">${jar.finalName}</finalName>
  <forceCreation default-value="false">${jar.forceCreation}</forceCreation>
  <outputDirectory default-value="${project.build.directory}"/>
  <project default-value="${project}"/>
  <session default-value="${session}"/>
  <skipIfEmpty default-value="false">${jar.skipIfEmpty}</skipIfEmpty>
  <useDefaultManifestFile default-value="false">${jar.useDefaultManifestFile}</useDefaultManifestFile>
</configuration>
[DEBUG] -----------------------------------------------------------------------
[DEBUG] Goal:          org.apache.maven.plugins:maven-install-plugin:2.4:install (default-install)
[DEBUG] Style:         Regular
[DEBUG] Configuration: <?xml version="1.0" encoding="UTF-8"?>
<configuration>
  <artifact default-value="${project.artifact}"/>
  <attachedArtifacts default-value="${project.attachedArtifacts}"/>
  <createChecksum default-value="false">${createChecksum}</createChecksum>
  <localRepository>${localRepository}</localRepository>
  <packaging default-value="${project.packaging}"/>
  <pomFile default-value="${project.file}"/>
  <skip default-value="false">${maven.install.skip}</skip>
  <updateReleaseInfo default-value="false">${updateReleaseInfo}</updateReleaseInfo>
</configuration>
[DEBUG] =======================================================================
[DEBUG] Dependency collection stats: {ConflictMarker.analyzeTime=1, ConflictMarker.markTime=1, ConflictMarker.nodeCount=8, ConflictIdSorter.graphTime=0, ConflictIdSorter.topsortTime=1, ConflictIdSorter.conflictIdCount=7, ConflictIdSorter.conflictIdCycleCount=0, ConflictResolver.totalTime=4, ConflictResolver.conflictItemCount=7, DefaultDependencyCollector.collectTime=75, DefaultDependencyCollector.transformTime=10}
[DEBUG] RealTimeProject:RealTimeProject:jar:0.0.1-SNAPSHOT
[DEBUG]    org.testng:testng:jar:6.9.10:compile
[DEBUG]       com.beust:jcommander:jar:1.48:compile
[DEBUG]       org.beanshell:bsh:jar:2.0b4:compile
[DEBUG]    com.relevantcodes:extentreports:jar:2.40.2:compile
[DEBUG]       org.jsoup:jsoup:jar:1.8.3:compile
[DEBUG]       org.xerial:sqlite-jdbc:jar:3.8.11.1:compile
[DEBUG]       org.freemarker:freemarker:jar:2.3.23:compile
[INFO] 
[INFO] --- maven-clean-plugin:2.5:clean (default-clean) @ RealTimeProject ---
[DEBUG] Dependency collection stats: {ConflictMarker.analyzeTime=0, ConflictMarker.markTime=0, ConflictMarker.nodeCount=3, ConflictIdSorter.graphTime=0, ConflictIdSorter.topsortTime=0, ConflictIdSorter.conflictIdCount=3, ConflictIdSorter.conflictIdCycleCount=0, ConflictResolver.totalTime=0, ConflictResolver.conflictItemCount=3, DefaultDependencyCollector.collectTime=33, DefaultDependencyCollector.transformTime=0}
[DEBUG] org.apache.maven.plugins:maven-clean-plugin:jar:2.5:
[DEBUG]    org.apache.maven:maven-plugin-api:jar:2.0.6:compile
[DEBUG]    org.codehaus.plexus:plexus-utils:jar:3.0:compile
[DEBUG] Created new class realm plugin>org.apache.maven.plugins:maven-clean-plugin:2.5
[DEBUG] Importing foreign packages into class realm plugin>org.apache.maven.plugins:maven-clean-plugin:2.5
[DEBUG]   Imported:  < maven.api
[DEBUG] Populating class realm plugin>org.apache.maven.plugins:maven-clean-plugin:2.5
[DEBUG]   Included: org.apache.maven.plugins:maven-clean-plugin:jar:2.5
[DEBUG]   Included: org.codehaus.plexus:plexus-utils:jar:3.0
[DEBUG] Configuring mojo org.apache.maven.plugins:maven-clean-plugin:2.5:clean from plugin realm ClassRealm[plugin>org.apache.maven.plugins:maven-clean-plugin:2.5, parent: sun.misc.Launcher$AppClassLoader@3301f287]
[DEBUG] Configuring mojo 'org.apache.maven.plugins:maven-clean-plugin:2.5:clean' with basic configurator -->
[DEBUG]   (f) directory = D:\eclipse_workspace\RealTimeProject\target
[DEBUG]   (f) excludeDefaultDirectories = false
[DEBUG]   (f) failOnError = true
[DEBUG]   (f) followSymLinks = false
[DEBUG]   (f) outputDirectory = D:\eclipse_workspace\RealTimeProject\target\classes
[DEBUG]   (f) reportDirectory = D:\eclipse_workspace\RealTimeProject\target\site
[DEBUG]   (f) retryOnError = true
[DEBUG]   (f) skip = false
[DEBUG]   (f) testOutputDirectory = D:\eclipse_workspace\RealTimeProject\target\test-classes
[DEBUG] -- end configuration --
[INFO] Deleting D:\eclipse_workspace\RealTimeProject\target
[INFO] Deleting directory D:\eclipse_workspace\RealTimeProject\target\surefire
[INFO] Deleting file D:\eclipse_workspace\RealTimeProject\target\maven-status\maven-compiler-plugin\compile\default-compile\inputFiles.lst
[INFO] Deleting directory D:\eclipse_workspace\RealTimeProject\target\maven-status\maven-compiler-plugin\compile\default-compile
[INFO] Deleting directory D:\eclipse_workspace\RealTimeProject\target\maven-status\maven-compiler-plugin\compile
[INFO] Deleting directory D:\eclipse_workspace\RealTimeProject\target\maven-status\maven-compiler-plugin
[INFO] Deleting directory D:\eclipse_workspace\RealTimeProject\target\maven-status
[INFO] Deleting file D:\eclipse_workspace\RealTimeProject\target\classes\META-INF\maven\RealTimeProject\RealTimeProject\pom.xml
[INFO] Deleting file D:\eclipse_workspace\RealTimeProject\target\classes\META-INF\maven\RealTimeProject\RealTimeProject\pom.properties
[INFO] Deleting directory D:\eclipse_workspace\RealTimeProject\target\classes\META-INF\maven\RealTimeProject\RealTimeProject
[INFO] Deleting directory D:\eclipse_workspace\RealTimeProject\target\classes\META-INF\maven\RealTimeProject
[INFO] Deleting directory D:\eclipse_workspace\RealTimeProject\target\classes\META-INF\maven
[INFO] Deleting file D:\eclipse_workspace\RealTimeProject\target\classes\META-INF\MANIFEST.MF
[INFO] Deleting directory D:\eclipse_workspace\RealTimeProject\target\classes\META-INF
[INFO] Deleting directory D:\eclipse_workspace\RealTimeProject\target\classes
[INFO] Deleting directory D:\eclipse_workspace\RealTimeProject\target
[DEBUG] Skipping non-existing directory D:\eclipse_workspace\RealTimeProject\target\classes
[DEBUG] Skipping non-existing directory D:\eclipse_workspace\RealTimeProject\target\test-classes
[DEBUG] Skipping non-existing directory D:\eclipse_workspace\RealTimeProject\target\site
[INFO] 
[INFO] --- maven-resources-plugin:2.6:resources (default-resources) @ RealTimeProject ---
[DEBUG] Dependency collection stats: {ConflictMarker.analyzeTime=1, ConflictMarker.markTime=0, ConflictMarker.nodeCount=77, ConflictIdSorter.graphTime=1, ConflictIdSorter.topsortTime=0, ConflictIdSorter.conflictIdCount=26, ConflictIdSorter.conflictIdCycleCount=0, ConflictResolver.totalTime=4, ConflictResolver.conflictItemCount=74, DefaultDependencyCollector.collectTime=226, DefaultDependencyCollector.transformTime=6}
[DEBUG] org.apache.maven.plugins:maven-resources-plugin:jar:2.6:
[DEBUG]    org.apache.maven:maven-plugin-api:jar:2.0.6:compile
[DEBUG]    org.apache.maven:maven-project:jar:2.0.6:compile
[DEBUG]       org.apache.maven:maven-profile:jar:2.0.6:compile
[DEBUG]       org.apache.maven:maven-artifact-manager:jar:2.0.6:compile
[DEBUG]       org.apache.maven:maven-plugin-registry:jar:2.0.6:compile
[DEBUG]    org.apache.maven:maven-core:jar:2.0.6:compile
[DEBUG]       org.apache.maven:maven-plugin-parameter-documenter:jar:2.0.6:compile
[DEBUG]       org.apache.maven.reporting:maven-reporting-api:jar:2.0.6:compile
[DEBUG]          org.apache.maven.doxia:doxia-sink-api:jar:1.0-alpha-7:compile
[DEBUG]       org.apache.maven:maven-repository-metadata:jar:2.0.6:compile
[DEBUG]       org.apache.maven:maven-error-diagnostics:jar:2.0.6:compile
[DEBUG]       commons-cli:commons-cli:jar:1.0:compile
[DEBUG]       org.apache.maven:maven-plugin-descriptor:jar:2.0.6:compile
[DEBUG]       org.codehaus.plexus:plexus-interactivity-api:jar:1.0-alpha-4:compile
[DEBUG]       classworlds:classworlds:jar:1.1:compile
[DEBUG]    org.apache.maven:maven-artifact:jar:2.0.6:compile
[DEBUG]    org.apache.maven:maven-settings:jar:2.0.6:compile
[DEBUG]    org.apache.maven:maven-model:jar:2.0.6:compile
[DEBUG]    org.apache.maven:maven-monitor:jar:2.0.6:compile
[DEBUG]    org.codehaus.plexus:plexus-container-default:jar:1.0-alpha-9-stable-1:compile
[DEBUG]       junit:junit:jar:3.8.1:compile
[DEBUG]    org.codehaus.plexus:plexus-utils:jar:2.0.5:compile
[DEBUG]    org.apache.maven.shared:maven-filtering:jar:1.1:compile
[DEBUG]       org.sonatype.plexus:plexus-build-api:jar:0.0.4:compile
[DEBUG]    org.codehaus.plexus:plexus-interpolation:jar:1.13:compile
[DEBUG] Created new class realm plugin>org.apache.maven.plugins:maven-resources-plugin:2.6
[DEBUG] Importing foreign packages into class realm plugin>org.apache.maven.plugins:maven-resources-plugin:2.6
[DEBUG]   Imported:  < maven.api
[DEBUG] Populating class realm plugin>org.apache.maven.plugins:maven-resources-plugin:2.6
[DEBUG]   Included: org.apache.maven.plugins:maven-resources-plugin:jar:2.6
[DEBUG]   Included: org.apache.maven.reporting:maven-reporting-api:jar:2.0.6
[DEBUG]   Included: org.apache.maven.doxia:doxia-sink-api:jar:1.0-alpha-7
[DEBUG]   Included: commons-cli:commons-cli:jar:1.0
[DEBUG]   Included: org.codehaus.plexus:plexus-interactivity-api:jar:1.0-alpha-4
[DEBUG]   Included: junit:junit:jar:3.8.1
[DEBUG]   Included: org.codehaus.plexus:plexus-utils:jar:2.0.5
[DEBUG]   Included: org.apache.maven.shared:maven-filtering:jar:1.1
[DEBUG]   Included: org.sonatype.plexus:plexus-build-api:jar:0.0.4
[DEBUG]   Included: org.codehaus.plexus:plexus-interpolation:jar:1.13
[DEBUG] Configuring mojo org.apache.maven.plugins:maven-resources-plugin:2.6:resources from plugin realm ClassRealm[plugin>org.apache.maven.plugins:maven-resources-plugin:2.6, parent: sun.misc.Launcher$AppClassLoader@3301f287]
[DEBUG] Configuring mojo 'org.apache.maven.plugins:maven-resources-plugin:2.6:resources' with basic configurator -->
[DEBUG]   (f) buildFilters = []
[DEBUG]   (f) escapeWindowsPaths = true
[DEBUG]   (s) includeEmptyDirs = false
[DEBUG]   (s) outputDirectory = D:\eclipse_workspace\RealTimeProject\target\classes
[DEBUG]   (s) overwrite = false
[DEBUG]   (f) project = MavenProject: RealTimeProject:RealTimeProject:0.0.1-SNAPSHOT @ D:\eclipse_workspace\RealTimeProject\pom.xml
[DEBUG]   (s) resources = [Resource {targetPath: null, filtering: false, FileSet {directory: D:\eclipse_workspace\RealTimeProject\src\main\resources, PatternSet [includes: {}, excludes: {}]}}]
[DEBUG]   (f) session = org.apache.maven.execution.MavenSession@6242de17
[DEBUG]   (f) supportMultiLineFiltering = false
[DEBUG]   (f) useBuildFilters = true
[DEBUG]   (s) useDefaultDelimiters = true
[DEBUG] -- end configuration --
[DEBUG] properties used {java.vendor=Oracle Corporation, env.SYSTEMROOT=C:\Windows, env.DEFLOGDIR=C:\ProgramData\McAfee\DesktopProtection, sun.java.launcher=SUN_STANDARD, sun.management.compiler=HotSpot 64-Bit Tiered Compilers, env.PROMPT=$P$G, env.WDIR=D:\, os.name=Windows 7, env.FP_NO_HOST_CHECK=NO, sun.boot.class.path=C:\Program Files\Java\jdk1.7.0_80\jre\lib\resources.jar;C:\Program Files\Java\jdk1.7.0_80\jre\lib\rt.jar;C:\Program Files\Java\jdk1.7.0_80\jre\lib\sunrsasign.jar;C:\Program Files\Java\jdk1.7.0_80\jre\lib\jsse.jar;C:\Program Files\Java\jdk1.7.0_80\jre\lib\jce.jar;C:\Program Files\Java\jdk1.7.0_80\jre\lib\charsets.jar;C:\Program Files\Java\jdk1.7.0_80\jre\lib\jfr.jar;C:\Program Files\Java\jdk1.7.0_80\jre\classes, env.COMPUTERNAME=NBEC-PROSENJIT, env.ALLUSERSPROFILE=C:\ProgramData, sun.desktop=windows, java.vm.specification.vendor=Oracle Corporation, java.runtime.version=1.7.0_80-b15, env.HOMEPATH=\Users\prosenjit.majumder, suiteXmlFile=testng.xml, user.name=prosenjit.majumder, maven.build.version=Apache Maven 3.3.9 (bb52d8502b132ec0a5a3f4c09453c07478323dc5; 2015-11-10T22:11:47+05:30), env.ONLINESERVICES=Online Services, env.PATH=C:\Python34\;C:\Python34\Scripts;C:\Windows\system32;C:\Windows;C:\Windows\System32\Wbem;C:\Windows\System32\WindowsPowerShell\v1.0\;C:\Program Files\Intel\DMIX;C:\Program Files\Hewlett-Packard\Drive Encryption\;C:\Program Files\TortoiseSVN\bin;c:\Program Files\Microsoft SQL Server\110\Tools\Binn\;c:\Program Files (x86)\Microsoft SQL Server\110\Tools\Binn\;c:\Program Files\Microsoft SQL Server\110\DTS\Binn\;c:\Program Files (x86)\Microsoft SQL Server\110\Tools\Binn\ManagementStudio\;c:\Program Files (x86)\Microsoft Visual Studio 10.0\Common7\IDE\PrivateAssemblies\;c:\Program Files (x86)\Microsoft SQL Server\110\DTS\Binn\;C:\Program Files\Java\jdk1.7.0_80\bin;C:\apache-tomcat-7.0.64\bin;D:\Android\Appium\adt-bundle-windows-x86_64-20140702\sdk\tools;D:\Android\Appium\adt-bundle-windows-x86_64-20140702\sdk\platform-tools;C:\Program Files\nodejs\;C:\Program Files (x86)\Skype\Phone\;C:\Program Files\Java\jdk1.7.0_80\bin;C:C:\apache-tomcat-7.0.64\bin;C:\Users\prosenjit.majumder\AppData\Roaming\npm;D:\UAT_Tool_SDK_3.4.4\bin\windows64;D:\apache-maven-3.3.9\bin, user.language=en, env.WINDIR=C:\Windows, sun.boot.library.path=C:\Program Files\Java\jdk1.7.0_80\jre\bin, env.FPPUILANG=en-US, classworlds.conf=D:\apache-maven-3.3.9\bin\..\bin\m2.conf, java.version=1.7.0_80, env.PROCESSOR_IDENTIFIER=Intel64 Family 6 Model 37 Stepping 5, GenuineIntel, user.timezone=Asia/Calcutta, env.TEMP=C:\Users\PROSEN~1.MAJ\AppData\Local\Temp, sun.arch.data.model=64, env.EXEC_DIR=D:\eclipse_workspace\RealTimeProject, env.PLATFORM=BPC, java.endorsed.dirs=C:\Program Files\Java\jdk1.7.0_80\jre\lib\endorsed, env.VSEDEFLOGDIR=C:\ProgramData\McAfee\DesktopProtection, sun.cpu.isalist=amd64, env.HOMEDRIVE=C:, sun.jnu.encoding=Cp1252, file.encoding.pkg=sun.io, env.SYSTEMDRIVE=C:, file.separator=\, java.specification.name=Java Platform API Specification, java.class.version=51.0, org.slf4j.simpleLogger.defaultLogLevel=debug, user.country=US, java.home=C:\Program Files\Java\jdk1.7.0_80\jre, env.ANDROID_HOME=D:\Android\Appium\adt-bundle-windows-x86_64-20140702\sdk, env.APPDATA=C:\Users\prosenjit.majumder\AppData\Roaming, env.PUBLIC=C:\Users\Public, java.vm.info=mixed mode, env.CATALINA_HOME=C:\apache-tomcat-7.0.64, env.OS=Windows_NT, os.version=6.1, env.FE_P_MASK2=C:\NEC\Common\PARAM\Fe\p_mask2, env.FE_P_MASK1=C:\NEC\Common\PARAM\Fe\p_mask1, env.=::=::\, env.SCITE_USERHOME=C:\Users\prosenjit.majumder\AppData\Local\AutoIt v3\SciTE, path.separator=;, java.vm.version=24.80-b11, user.variant=, env.USERPROFILE=C:\Users\prosenjit.majumder, env.JAVA_HOME=C:\Program Files\Java\jdk1.7.0_80, java.awt.printerjob=sun.awt.windows.WPrinterJob, env.TMP=C:\Users\PROSEN~1.MAJ\AppData\Local\Temp, env.PROGRAMFILES=C:\Program Files, sun.io.unicode.encoding=UnicodeLittle, env.SA_ARCH_PARAM=C:\NEC\Common\PARAM\sa\arch.param, env.PS_PARAM_DIR=C:\NEC\Common\PARAM\ps_param\, env.FIS_PRM_DIR=C:\NEC\Common\PARAM\Fis_prm\, awt.toolkit=sun.awt.windows.WToolkit, user.script=, user.home=C:\Users\prosenjit.majumder, env.COMMONPROGRAMFILES=C:\Program Files\Common Files, env.SESSIONNAME=Console, java.specification.vendor=Oracle Corporation, env.CLASSPATH=D:\UAT_Tool_SDK_3.4.4;D:\eclipse_workspace\Selenium\bin;D:\eclipse_workspace\Selenium\library\*;, env.M2_HOME=D:\apache-maven-3.3.9\bin\.., java.library.path=C:\Program Files\Java\jdk1.7.0_80\bin;C:\Windows\Sun\Java\bin;C:\Windows\system32;C:\Windows;C:\Python34\;C:\Python34\Scripts;C:\Windows\system32;C:\Windows;C:\Windows\System32\Wbem;C:\Windows\System32\WindowsPowerShell\v1.0\;C:\Program Files\Intel\DMIX;C:\Program Files\Hewlett-Packard\Drive Encryption\;C:\Program Files\TortoiseSVN\bin;c:\Program Files\Microsoft SQL Server\110\Tools\Binn\;c:\Program Files (x86)\Microsoft SQL Server\110\Tools\Binn\;c:\Program Files\Microsoft SQL Server\110\DTS\Binn\;c:\Program Files (x86)\Microsoft SQL Server\110\Tools\Binn\ManagementStudio\;c:\Program Files (x86)\Microsoft Visual Studio 10.0\Common7\IDE\PrivateAssemblies\;c:\Program Files (x86)\Microsoft SQL Server\110\DTS\Binn\;C:\Program Files\Java\jdk1.7.0_80\bin;C:\apache-tomcat-7.0.64\bin;D:\Android\Appium\adt-bundle-windows-x86_64-20140702\sdk\tools;D:\Android\Appium\adt-bundle-windows-x86_64-20140702\sdk\platform-tools;C:\Program Files\nodejs\;C:\Program Files (x86)\Skype\Phone\;C:\Program Files\Java\jdk1.7.0_80\bin;C:C:\apache-tomcat-7.0.64\bin;C:\Users\prosenjit.majumder\AppData\Roaming\npm;D:\UAT_Tool_SDK_3.4.4\bin\windows64;D:\apache-maven-3.3.9\bin;., java.vendor.url=http://java.oracle.com/, env.NUMBER_OF_PROCESSORS=4, env.COMMONPROGRAMFILES(X86)=C:\Program Files (x86)\Common Files, env.USERDNSDOMAIN=NECISW.IN, env.PSMODULEPATH=C:\Windows\system32\WindowsPowerShell\v1.0\Modules\;c:\Program Files (x86)\Microsoft SQL Server\110\Tools\PowerShell\Modules\;C:\Program Files (x86)\AutoIt3\AutoItX, env.CLASSWORLDS_LAUNCHER=org.codehaus.plexus.classworlds.launcher.Launcher, env.MAVEN_CMD_LINE_ARGS=clean install -X, java.vm.vendor=Oracle Corporation, maven.home=D:\apache-maven-3.3.9\bin\.., java.runtime.name=Java(TM) SE Runtime Environment, sun.java.command=org.codehaus.plexus.classworlds.launcher.Launcher clean install -X, java.class.path=D:\apache-maven-3.3.9\bin\..\boot\plexus-classworlds-2.5.2.jar, skipTest=false, env.PROGRAMW6432=C:\Program Files, maven.version=3.3.9, env.PROGRAMFILES(X86)=C:\Program Files (x86), env.MAVEN_JAVA_EXE="C:\Program Files\Java\jdk1.7.0_80\bin\java.exe", java.vm.specification.name=Java Virtual Machine Specification, env.OOBEUILANG=en-US, env.LOGONSERVER=\\NBECWINSERV02, java.vm.specification.version=1.7, env.PROCESSOR_ARCHITECTURE=AMD64, env.PTSM_INSTALL_PATH=C:\Program Files\Hewlett-Packard\HP ProtectTools Security Manager\Bin, env.COMMONPROGRAMW6432=C:\Program Files\Common Files, sun.cpu.endian=little, sun.os.patch.level=Service Pack 1, env.HOME=C:\Users\prosenjit.majumder, java.io.tmpdir=C:\Users\PROSEN~1.MAJ\AppData\Local\Temp\, env.UATDATA=C:\Windows\SysWOW64\CCM\UATData\D9F8C395-CAB8-491d-B8AC-179A1FE1BE77, env.PROCESSOR_REVISION=2505, java.vendor.url.bug=http://bugreport.sun.com/bugreport/, maven.multiModuleProjectDirectory=D:\eclipse_workspace\RealTimeProject, env.PROGRAMDATA=C:\ProgramData, env.COMSPEC=C:\Windows\system32\cmd.exe, os.arch=amd64, java.awt.graphicsenv=sun.awt.Win32GraphicsEnvironment, java.ext.dirs=C:\Program Files\Java\jdk1.7.0_80\jre\lib\ext;C:\Windows\Sun\Java\lib\ext, env.=D:=D:\eclipse_workspace\RealTimeProject, user.dir=D:\eclipse_workspace\RealTimeProject, env.MAVEN_HOME=D:\apache-maven-3.3.9, env.LOCALAPPDATA=C:\Users\prosenjit.majumder\AppData\Local, env.SA_CONF2=C:\NEC\Common\PARAM\sa\sa_conf.13, env.SA_CONF1=C:\NEC\Common\PARAM\sa\sa_conf.02, line.separator=
, env.FE_D_MASK=C:\NEC\Common\PARAM\Fe\d_mask, java.vm.name=Java HotSpot(TM) 64-Bit Server VM, env.CLASSWORLDS_JAR="D:\apache-maven-3.3.9\bin\..\boot\plexus-classworlds-2.5.2.jar", env.PATHEXT=.COM;.EXE;.BAT;.CMD;.VBS;.VBE;.JS;.JSE;.WSF;.WSH;.MSC;.py;.pyw, env.PARAM_DIR=C:\NEC\Common\PARAM\, env.ERROR_CODE=0, env.USERNAME=prosenjit.majumder, file.encoding=Cp1252, env.USERDOMAIN=NECISW, env.NN_PARAM=C:\NEC\Common\PARAM\NN\, java.specification.version=1.7, env.MAVEN_PROJECTBASEDIR=D:\eclipse_workspace\RealTimeProject, env.PROCESSOR_LEVEL=6}
[WARNING] Using platform encoding (Cp1252 actually) to copy filtered resources, i.e. build is platform dependent!
[DEBUG] resource with targetPath null
directory D:\eclipse_workspace\RealTimeProject\src\main\resources
excludes []
includes []
[INFO] skip non existing resourceDirectory D:\eclipse_workspace\RealTimeProject\src\main\resources
[DEBUG] no use filter components
[INFO] 
[INFO] --- maven-compiler-plugin:3.1:compile (default-compile) @ RealTimeProject ---
[DEBUG] Dependency collection stats: {ConflictMarker.analyzeTime=0, ConflictMarker.markTime=1, ConflictMarker.nodeCount=160, ConflictIdSorter.graphTime=0, ConflictIdSorter.topsortTime=1, ConflictIdSorter.conflictIdCount=43, ConflictIdSorter.conflictIdCycleCount=0, ConflictResolver.totalTime=6, ConflictResolver.conflictItemCount=63, DefaultDependencyCollector.collectTime=474, DefaultDependencyCollector.transformTime=8}
[DEBUG] org.apache.maven.plugins:maven-compiler-plugin:jar:3.1:
[DEBUG]    org.apache.maven:maven-plugin-api:jar:2.0.9:compile
[DEBUG]    org.apache.maven:maven-artifact:jar:2.0.9:compile
[DEBUG]       org.codehaus.plexus:plexus-utils:jar:1.5.1:compile
[DEBUG]    org.apache.maven:maven-core:jar:2.0.9:compile
[DEBUG]       org.apache.maven:maven-settings:jar:2.0.9:compile
[DEBUG]       org.apache.maven:maven-plugin-parameter-documenter:jar:2.0.9:compile
[DEBUG]       org.apache.maven:maven-profile:jar:2.0.9:compile
[DEBUG]       org.apache.maven:maven-model:jar:2.0.9:compile
[DEBUG]       org.apache.maven:maven-repository-metadata:jar:2.0.9:compile
[DEBUG]       org.apache.maven:maven-error-diagnostics:jar:2.0.9:compile
[DEBUG]       org.apache.maven:maven-project:jar:2.0.9:compile
[DEBUG]          org.apache.maven:maven-plugin-registry:jar:2.0.9:compile
[DEBUG]       org.apache.maven:maven-plugin-descriptor:jar:2.0.9:compile
[DEBUG]       org.apache.maven:maven-artifact-manager:jar:2.0.9:compile
[DEBUG]       org.apache.maven:maven-monitor:jar:2.0.9:compile
[DEBUG]    org.apache.maven:maven-toolchain:jar:1.0:compile
[DEBUG]    org.apache.maven.shared:maven-shared-utils:jar:0.1:compile
[DEBUG]       com.google.code.findbugs:jsr305:jar:2.0.1:compile
[DEBUG]    org.apache.maven.shared:maven-shared-incremental:jar:1.1:compile
[DEBUG]       org.codehaus.plexus:plexus-component-annotations:jar:1.5.5:compile
[DEBUG]    org.codehaus.plexus:plexus-compiler-api:jar:2.2:compile
[DEBUG]    org.codehaus.plexus:plexus-compiler-manager:jar:2.2:compile
[DEBUG]    org.codehaus.plexus:plexus-compiler-javac:jar:2.2:runtime
[DEBUG]    org.codehaus.plexus:plexus-container-default:jar:1.5.5:compile
[DEBUG]       org.codehaus.plexus:plexus-classworlds:jar:2.2.2:compile
[DEBUG]       org.apache.xbean:xbean-reflect:jar:3.4:compile
[DEBUG]          log4j:log4j:jar:1.2.12:compile
[DEBUG]          commons-logging:commons-logging-api:jar:1.1:compile
[DEBUG]       com.google.collections:google-collections:jar:1.0:compile
[DEBUG]       junit:junit:jar:3.8.2:compile
[DEBUG] Created new class realm plugin>org.apache.maven.plugins:maven-compiler-plugin:3.1
[DEBUG] Importing foreign packages into class realm plugin>org.apache.maven.plugins:maven-compiler-plugin:3.1
[DEBUG]   Imported:  < maven.api
[DEBUG] Populating class realm plugin>org.apache.maven.plugins:maven-compiler-plugin:3.1
[DEBUG]   Included: org.apache.maven.plugins:maven-compiler-plugin:jar:3.1
[DEBUG]   Included: org.codehaus.plexus:plexus-utils:jar:1.5.1
[DEBUG]   Included: org.apache.maven.shared:maven-shared-utils:jar:0.1
[DEBUG]   Included: com.google.code.findbugs:jsr305:jar:2.0.1
[DEBUG]   Included: org.apache.maven.shared:maven-shared-incremental:jar:1.1
[DEBUG]   Included: org.codehaus.plexus:plexus-component-annotations:jar:1.5.5
[DEBUG]   Included: org.codehaus.plexus:plexus-compiler-api:jar:2.2
[DEBUG]   Included: org.codehaus.plexus:plexus-compiler-manager:jar:2.2
[DEBUG]   Included: org.codehaus.plexus:plexus-compiler-javac:jar:2.2
[DEBUG]   Included: org.apache.xbean:xbean-reflect:jar:3.4
[DEBUG]   Included: log4j:log4j:jar:1.2.12
[DEBUG]   Included: commons-logging:commons-logging-api:jar:1.1
[DEBUG]   Included: com.google.collections:google-collections:jar:1.0
[DEBUG]   Included: junit:junit:jar:3.8.2
[DEBUG] Configuring mojo org.apache.maven.plugins:maven-compiler-plugin:3.1:compile from plugin realm ClassRealm[plugin>org.apache.maven.plugins:maven-compiler-plugin:3.1, parent: sun.misc.Launcher$AppClassLoader@3301f287]
[DEBUG] Configuring mojo 'org.apache.maven.plugins:maven-compiler-plugin:3.1:compile' with basic configurator -->
[DEBUG]   (f) basedir = D:\eclipse_workspace\RealTimeProject
[DEBUG]   (f) buildDirectory = D:\eclipse_workspace\RealTimeProject\target
[DEBUG]   (f) classpathElements = [D:\eclipse_workspace\RealTimeProject\target\classes, C:\Users\prosenjit.majumder\.m2\repository\org\testng\testng\6.9.10\testng-6.9.10.jar, C:\Users\prosenjit.majumder\.m2\repository\com\beust\jcommander\1.48\jcommander-1.48.jar, C:\Users\prosenjit.majumder\.m2\repository\org\beanshell\bsh\2.0b4\bsh-2.0b4.jar, C:\Users\prosenjit.majumder\.m2\repository\com\relevantcodes\extentreports\2.40.2\extentreports-2.40.2.jar, C:\Users\prosenjit.majumder\.m2\repository\org\jsoup\jsoup\1.8.3\jsoup-1.8.3.jar, C:\Users\prosenjit.majumder\.m2\repository\org\xerial\sqlite-jdbc\3.8.11.1\sqlite-jdbc-3.8.11.1.jar, C:\Users\prosenjit.majumder\.m2\repository\org\freemarker\freemarker\2.3.23\freemarker-2.3.23.jar]
[DEBUG]   (f) compileSourceRoots = [D:\eclipse_workspace\RealTimeProject\src]
[DEBUG]   (f) compilerId = javac
[DEBUG]   (f) debug = true
[DEBUG]   (f) failOnError = true
[DEBUG]   (f) forceJavacCompilerUse = false
[DEBUG]   (f) fork = false
[DEBUG]   (f) generatedSourcesDirectory = D:\eclipse_workspace\RealTimeProject\target\generated-sources\annotations
[DEBUG]   (f) mojoExecution = org.apache.maven.plugins:maven-compiler-plugin:3.1:compile {execution: default-compile}
[DEBUG]   (f) optimize = false
[DEBUG]   (f) outputDirectory = D:\eclipse_workspace\RealTimeProject\target\classes
[DEBUG]   (f) projectArtifact = RealTimeProject:RealTimeProject:jar:0.0.1-SNAPSHOT
[DEBUG]   (f) showDeprecation = false
[DEBUG]   (f) showWarnings = false
[DEBUG]   (f) skipMultiThreadWarning = false
[DEBUG]   (f) source = 1.7
[DEBUG]   (f) staleMillis = 0
[DEBUG]   (f) target = 1.7
[DEBUG]   (f) useIncrementalCompilation = true
[DEBUG]   (f) verbose = false
[DEBUG]   (f) mavenSession = org.apache.maven.execution.MavenSession@6242de17
[DEBUG]   (f) session = org.apache.maven.execution.MavenSession@6242de17
[DEBUG] -- end configuration --
[DEBUG] Using compiler 'javac'.
[DEBUG] Source directories: [D:\eclipse_workspace\RealTimeProject\src]
[DEBUG] Classpath: [D:\eclipse_workspace\RealTimeProject\target\classes
 C:\Users\prosenjit.majumder\.m2\repository\org\testng\testng\6.9.10\testng-6.9.10.jar
 C:\Users\prosenjit.majumder\.m2\repository\com\beust\jcommander\1.48\jcommander-1.48.jar
 C:\Users\prosenjit.majumder\.m2\repository\org\beanshell\bsh\2.0b4\bsh-2.0b4.jar
 C:\Users\prosenjit.majumder\.m2\repository\com\relevantcodes\extentreports\2.40.2\extentreports-2.40.2.jar
 C:\Users\prosenjit.majumder\.m2\repository\org\jsoup\jsoup\1.8.3\jsoup-1.8.3.jar
 C:\Users\prosenjit.majumder\.m2\repository\org\xerial\sqlite-jdbc\3.8.11.1\sqlite-jdbc-3.8.11.1.jar
 C:\Users\prosenjit.majumder\.m2\repository\org\freemarker\freemarker\2.3.23\freemarker-2.3.23.jar]
[DEBUG] Output directory: D:\eclipse_workspace\RealTimeProject\target\classes
[DEBUG] CompilerReuseStrategy: reuseCreated
[DEBUG] useIncrementalCompilation enabled
[INFO] Nothing to compile - all classes are up to date
[INFO] 
[INFO] --- maven-resources-plugin:2.6:testResources (default-testResources) @ RealTimeProject ---
[DEBUG] Configuring mojo org.apache.maven.plugins:maven-resources-plugin:2.6:testResources from plugin realm ClassRealm[plugin>org.apache.maven.plugins:maven-resources-plugin:2.6, parent: sun.misc.Launcher$AppClassLoader@3301f287]
[DEBUG] Configuring mojo 'org.apache.maven.plugins:maven-resources-plugin:2.6:testResources' with basic configurator -->
[DEBUG]   (f) buildFilters = []
[DEBUG]   (f) escapeWindowsPaths = true
[DEBUG]   (s) includeEmptyDirs = false
[DEBUG]   (s) outputDirectory = D:\eclipse_workspace\RealTimeProject\target\test-classes
[DEBUG]   (s) overwrite = false
[DEBUG]   (f) project = MavenProject: RealTimeProject:RealTimeProject:0.0.1-SNAPSHOT @ D:\eclipse_workspace\RealTimeProject\pom.xml
[DEBUG]   (s) resources = [Resource {targetPath: null, filtering: false, FileSet {directory: D:\eclipse_workspace\RealTimeProject\src\test\resources, PatternSet [includes: {}, excludes: {}]}}]
[DEBUG]   (f) session = org.apache.maven.execution.MavenSession@6242de17
[DEBUG]   (f) supportMultiLineFiltering = false
[DEBUG]   (f) useBuildFilters = true
[DEBUG]   (s) useDefaultDelimiters = true
[DEBUG] -- end configuration --
[DEBUG] properties used {java.vendor=Oracle Corporation, env.SYSTEMROOT=C:\Windows, env.DEFLOGDIR=C:\ProgramData\McAfee\DesktopProtection, sun.java.launcher=SUN_STANDARD, sun.management.compiler=HotSpot 64-Bit Tiered Compilers, env.PROMPT=$P$G, env.WDIR=D:\, os.name=Windows 7, env.FP_NO_HOST_CHECK=NO, sun.boot.class.path=C:\Program Files\Java\jdk1.7.0_80\jre\lib\resources.jar;C:\Program Files\Java\jdk1.7.0_80\jre\lib\rt.jar;C:\Program Files\Java\jdk1.7.0_80\jre\lib\sunrsasign.jar;C:\Program Files\Java\jdk1.7.0_80\jre\lib\jsse.jar;C:\Program Files\Java\jdk1.7.0_80\jre\lib\jce.jar;C:\Program Files\Java\jdk1.7.0_80\jre\lib\charsets.jar;C:\Program Files\Java\jdk1.7.0_80\jre\lib\jfr.jar;C:\Program Files\Java\jdk1.7.0_80\jre\classes, env.COMPUTERNAME=NBEC-PROSENJIT, env.ALLUSERSPROFILE=C:\ProgramData, sun.desktop=windows, java.vm.specification.vendor=Oracle Corporation, java.runtime.version=1.7.0_80-b15, env.HOMEPATH=\Users\prosenjit.majumder, suiteXmlFile=testng.xml, user.name=prosenjit.majumder, maven.build.version=Apache Maven 3.3.9 (bb52d8502b132ec0a5a3f4c09453c07478323dc5; 2015-11-10T22:11:47+05:30), env.ONLINESERVICES=Online Services, env.PATH=C:\Python34\;C:\Python34\Scripts;C:\Windows\system32;C:\Windows;C:\Windows\System32\Wbem;C:\Windows\System32\WindowsPowerShell\v1.0\;C:\Program Files\Intel\DMIX;C:\Program Files\Hewlett-Packard\Drive Encryption\;C:\Program Files\TortoiseSVN\bin;c:\Program Files\Microsoft SQL Server\110\Tools\Binn\;c:\Program Files (x86)\Microsoft SQL Server\110\Tools\Binn\;c:\Program Files\Microsoft SQL Server\110\DTS\Binn\;c:\Program Files (x86)\Microsoft SQL Server\110\Tools\Binn\ManagementStudio\;c:\Program Files (x86)\Microsoft Visual Studio 10.0\Common7\IDE\PrivateAssemblies\;c:\Program Files (x86)\Microsoft SQL Server\110\DTS\Binn\;C:\Program Files\Java\jdk1.7.0_80\bin;C:\apache-tomcat-7.0.64\bin;D:\Android\Appium\adt-bundle-windows-x86_64-20140702\sdk\tools;D:\Android\Appium\adt-bundle-windows-x86_64-20140702\sdk\platform-tools;C:\Program Files\nodejs\;C:\Program Files (x86)\Skype\Phone\;C:\Program Files\Java\jdk1.7.0_80\bin;C:C:\apache-tomcat-7.0.64\bin;C:\Users\prosenjit.majumder\AppData\Roaming\npm;D:\UAT_Tool_SDK_3.4.4\bin\windows64;D:\apache-maven-3.3.9\bin, user.language=en, env.WINDIR=C:\Windows, sun.boot.library.path=C:\Program Files\Java\jdk1.7.0_80\jre\bin, env.FPPUILANG=en-US, classworlds.conf=D:\apache-maven-3.3.9\bin\..\bin\m2.conf, java.version=1.7.0_80, env.PROCESSOR_IDENTIFIER=Intel64 Family 6 Model 37 Stepping 5, GenuineIntel, user.timezone=Asia/Calcutta, env.TEMP=C:\Users\PROSEN~1.MAJ\AppData\Local\Temp, sun.arch.data.model=64, env.EXEC_DIR=D:\eclipse_workspace\RealTimeProject, env.PLATFORM=BPC, java.endorsed.dirs=C:\Program Files\Java\jdk1.7.0_80\jre\lib\endorsed, env.VSEDEFLOGDIR=C:\ProgramData\McAfee\DesktopProtection, sun.cpu.isalist=amd64, env.HOMEDRIVE=C:, sun.jnu.encoding=Cp1252, file.encoding.pkg=sun.io, env.SYSTEMDRIVE=C:, file.separator=\, java.specification.name=Java Platform API Specification, java.class.version=51.0, org.slf4j.simpleLogger.defaultLogLevel=debug, user.country=US, java.home=C:\Program Files\Java\jdk1.7.0_80\jre, env.ANDROID_HOME=D:\Android\Appium\adt-bundle-windows-x86_64-20140702\sdk, env.APPDATA=C:\Users\prosenjit.majumder\AppData\Roaming, env.PUBLIC=C:\Users\Public, java.vm.info=mixed mode, env.CATALINA_HOME=C:\apache-tomcat-7.0.64, env.OS=Windows_NT, os.version=6.1, env.FE_P_MASK2=C:\NEC\Common\PARAM\Fe\p_mask2, env.FE_P_MASK1=C:\NEC\Common\PARAM\Fe\p_mask1, env.=::=::\, env.SCITE_USERHOME=C:\Users\prosenjit.majumder\AppData\Local\AutoIt v3\SciTE, path.separator=;, java.vm.version=24.80-b11, user.variant=, env.USERPROFILE=C:\Users\prosenjit.majumder, env.JAVA_HOME=C:\Program Files\Java\jdk1.7.0_80, java.awt.printerjob=sun.awt.windows.WPrinterJob, env.TMP=C:\Users\PROSEN~1.MAJ\AppData\Local\Temp, env.PROGRAMFILES=C:\Program Files, sun.io.unicode.encoding=UnicodeLittle, env.SA_ARCH_PARAM=C:\NEC\Common\PARAM\sa\arch.param, env.PS_PARAM_DIR=C:\NEC\Common\PARAM\ps_param\, env.FIS_PRM_DIR=C:\NEC\Common\PARAM\Fis_prm\, awt.toolkit=sun.awt.windows.WToolkit, user.script=, user.home=C:\Users\prosenjit.majumder, env.COMMONPROGRAMFILES=C:\Program Files\Common Files, env.SESSIONNAME=Console, java.specification.vendor=Oracle Corporation, env.CLASSPATH=D:\UAT_Tool_SDK_3.4.4;D:\eclipse_workspace\Selenium\bin;D:\eclipse_workspace\Selenium\library\*;, env.M2_HOME=D:\apache-maven-3.3.9\bin\.., java.library.path=C:\Program Files\Java\jdk1.7.0_80\bin;C:\Windows\Sun\Java\bin;C:\Windows\system32;C:\Windows;C:\Python34\;C:\Python34\Scripts;C:\Windows\system32;C:\Windows;C:\Windows\System32\Wbem;C:\Windows\System32\WindowsPowerShell\v1.0\;C:\Program Files\Intel\DMIX;C:\Program Files\Hewlett-Packard\Drive Encryption\;C:\Program Files\TortoiseSVN\bin;c:\Program Files\Microsoft SQL Server\110\Tools\Binn\;c:\Program Files (x86)\Microsoft SQL Server\110\Tools\Binn\;c:\Program Files\Microsoft SQL Server\110\DTS\Binn\;c:\Program Files (x86)\Microsoft SQL Server\110\Tools\Binn\ManagementStudio\;c:\Program Files (x86)\Microsoft Visual Studio 10.0\Common7\IDE\PrivateAssemblies\;c:\Program Files (x86)\Microsoft SQL Server\110\DTS\Binn\;C:\Program Files\Java\jdk1.7.0_80\bin;C:\apache-tomcat-7.0.64\bin;D:\Android\Appium\adt-bundle-windows-x86_64-20140702\sdk\tools;D:\Android\Appium\adt-bundle-windows-x86_64-20140702\sdk\platform-tools;C:\Program Files\nodejs\;C:\Program Files (x86)\Skype\Phone\;C:\Program Files\Java\jdk1.7.0_80\bin;C:C:\apache-tomcat-7.0.64\bin;C:\Users\prosenjit.majumder\AppData\Roaming\npm;D:\UAT_Tool_SDK_3.4.4\bin\windows64;D:\apache-maven-3.3.9\bin;., java.vendor.url=http://java.oracle.com/, env.NUMBER_OF_PROCESSORS=4, env.COMMONPROGRAMFILES(X86)=C:\Program Files (x86)\Common Files, env.USERDNSDOMAIN=NECISW.IN, env.PSMODULEPATH=C:\Windows\system32\WindowsPowerShell\v1.0\Modules\;c:\Program Files (x86)\Microsoft SQL Server\110\Tools\PowerShell\Modules\;C:\Program Files (x86)\AutoIt3\AutoItX, env.CLASSWORLDS_LAUNCHER=org.codehaus.plexus.classworlds.launcher.Launcher, env.MAVEN_CMD_LINE_ARGS=clean install -X, java.vm.vendor=Oracle Corporation, maven.home=D:\apache-maven-3.3.9\bin\.., java.runtime.name=Java(TM) SE Runtime Environment, sun.java.command=org.codehaus.plexus.classworlds.launcher.Launcher clean install -X, java.class.path=D:\apache-maven-3.3.9\bin\..\boot\plexus-classworlds-2.5.2.jar, skipTest=false, env.PROGRAMW6432=C:\Program Files, maven.version=3.3.9, env.PROGRAMFILES(X86)=C:\Program Files (x86), env.MAVEN_JAVA_EXE="C:\Program Files\Java\jdk1.7.0_80\bin\java.exe", java.vm.specification.name=Java Virtual Machine Specification, env.OOBEUILANG=en-US, env.LOGONSERVER=\\NBECWINSERV02, java.vm.specification.version=1.7, env.PROCESSOR_ARCHITECTURE=AMD64, env.PTSM_INSTALL_PATH=C:\Program Files\Hewlett-Packard\HP ProtectTools Security Manager\Bin, env.COMMONPROGRAMW6432=C:\Program Files\Common Files, sun.cpu.endian=little, sun.os.patch.level=Service Pack 1, env.HOME=C:\Users\prosenjit.majumder, java.io.tmpdir=C:\Users\PROSEN~1.MAJ\AppData\Local\Temp\, env.UATDATA=C:\Windows\SysWOW64\CCM\UATData\D9F8C395-CAB8-491d-B8AC-179A1FE1BE77, env.PROCESSOR_REVISION=2505, java.vendor.url.bug=http://bugreport.sun.com/bugreport/, maven.multiModuleProjectDirectory=D:\eclipse_workspace\RealTimeProject, env.PROGRAMDATA=C:\ProgramData, env.COMSPEC=C:\Windows\system32\cmd.exe, os.arch=amd64, java.awt.graphicsenv=sun.awt.Win32GraphicsEnvironment, java.ext.dirs=C:\Program Files\Java\jdk1.7.0_80\jre\lib\ext;C:\Windows\Sun\Java\lib\ext, env.=D:=D:\eclipse_workspace\RealTimeProject, user.dir=D:\eclipse_workspace\RealTimeProject, env.MAVEN_HOME=D:\apache-maven-3.3.9, env.LOCALAPPDATA=C:\Users\prosenjit.majumder\AppData\Local, env.SA_CONF2=C:\NEC\Common\PARAM\sa\sa_conf.13, env.SA_CONF1=C:\NEC\Common\PARAM\sa\sa_conf.02, line.separator=
, env.FE_D_MASK=C:\NEC\Common\PARAM\Fe\d_mask, java.vm.name=Java HotSpot(TM) 64-Bit Server VM, env.CLASSWORLDS_JAR="D:\apache-maven-3.3.9\bin\..\boot\plexus-classworlds-2.5.2.jar", env.PATHEXT=.COM;.EXE;.BAT;.CMD;.VBS;.VBE;.JS;.JSE;.WSF;.WSH;.MSC;.py;.pyw, env.PARAM_DIR=C:\NEC\Common\PARAM\, env.ERROR_CODE=0, env.USERNAME=prosenjit.majumder, file.encoding=Cp1252, env.USERDOMAIN=NECISW, env.NN_PARAM=C:\NEC\Common\PARAM\NN\, java.specification.version=1.7, env.MAVEN_PROJECTBASEDIR=D:\eclipse_workspace\RealTimeProject, env.PROCESSOR_LEVEL=6}
[WARNING] Using platform encoding (Cp1252 actually) to copy filtered resources, i.e. build is platform dependent!
[DEBUG] resource with targetPath null
directory D:\eclipse_workspace\RealTimeProject\src\test\resources
excludes []
includes []
[INFO] skip non existing resourceDirectory D:\eclipse_workspace\RealTimeProject\src\test\resources
[DEBUG] no use filter components
[INFO] 
[INFO] --- maven-compiler-plugin:3.1:testCompile (default-testCompile) @ RealTimeProject ---
[DEBUG] Configuring mojo org.apache.maven.plugins:maven-compiler-plugin:3.1:testCompile from plugin realm ClassRealm[plugin>org.apache.maven.plugins:maven-compiler-plugin:3.1, parent: sun.misc.Launcher$AppClassLoader@3301f287]
[DEBUG] Configuring mojo 'org.apache.maven.plugins:maven-compiler-plugin:3.1:testCompile' with basic configurator -->
[DEBUG]   (f) basedir = D:\eclipse_workspace\RealTimeProject
[DEBUG]   (f) buildDirectory = D:\eclipse_workspace\RealTimeProject\target
[DEBUG]   (f) classpathElements = [D:\eclipse_workspace\RealTimeProject\target\test-classes, D:\eclipse_workspace\RealTimeProject\target\classes, C:\Users\prosenjit.majumder\.m2\repository\org\testng\testng\6.9.10\testng-6.9.10.jar, C:\Users\prosenjit.majumder\.m2\repository\com\beust\jcommander\1.48\jcommander-1.48.jar, C:\Users\prosenjit.majumder\.m2\repository\org\beanshell\bsh\2.0b4\bsh-2.0b4.jar, C:\Users\prosenjit.majumder\.m2\repository\com\relevantcodes\extentreports\2.40.2\extentreports-2.40.2.jar, C:\Users\prosenjit.majumder\.m2\repository\org\jsoup\jsoup\1.8.3\jsoup-1.8.3.jar, C:\Users\prosenjit.majumder\.m2\repository\org\xerial\sqlite-jdbc\3.8.11.1\sqlite-jdbc-3.8.11.1.jar, C:\Users\prosenjit.majumder\.m2\repository\org\freemarker\freemarker\2.3.23\freemarker-2.3.23.jar]
[DEBUG]   (f) compileSourceRoots = [D:\eclipse_workspace\RealTimeProject\src\test\java]
[DEBUG]   (f) compilerId = javac
[DEBUG]   (f) debug = true
[DEBUG]   (f) failOnError = true
[DEBUG]   (f) forceJavacCompilerUse = false
[DEBUG]   (f) fork = false
[DEBUG]   (f) generatedTestSourcesDirectory = D:\eclipse_workspace\RealTimeProject\target\generated-test-sources\test-annotations
[DEBUG]   (f) mojoExecution = org.apache.maven.plugins:maven-compiler-plugin:3.1:testCompile {execution: default-testCompile}
[DEBUG]   (f) optimize = false
[DEBUG]   (f) outputDirectory = D:\eclipse_workspace\RealTimeProject\target\test-classes
[DEBUG]   (f) showDeprecation = false
[DEBUG]   (f) showWarnings = false
[DEBUG]   (f) skipMultiThreadWarning = false
[DEBUG]   (f) source = 1.7
[DEBUG]   (f) staleMillis = 0
[DEBUG]   (f) target = 1.7
[DEBUG]   (f) useIncrementalCompilation = true
[DEBUG]   (f) verbose = false
[DEBUG]   (f) mavenSession = org.apache.maven.execution.MavenSession@6242de17
[DEBUG]   (f) session = org.apache.maven.execution.MavenSession@6242de17
[DEBUG] -- end configuration --
[DEBUG] Using compiler 'javac'.
[INFO] No sources to compile
[INFO] 
[INFO] --- maven-surefire-plugin:2.19.1:test (default-test) @ RealTimeProject ---
[DEBUG] Dependency collection stats: {ConflictMarker.analyzeTime=1, ConflictMarker.markTime=0, ConflictMarker.nodeCount=114, ConflictIdSorter.graphTime=1, ConflictIdSorter.topsortTime=0, ConflictIdSorter.conflictIdCount=34, ConflictIdSorter.conflictIdCycleCount=0, ConflictResolver.totalTime=4, ConflictResolver.conflictItemCount=80, DefaultDependencyCollector.collectTime=96, DefaultDependencyCollector.transformTime=6}
[DEBUG] org.apache.maven.plugins:maven-surefire-plugin:jar:2.19.1:
[DEBUG]    org.apache.maven:maven-plugin-api:jar:2.2.1:compile
[DEBUG]    org.apache.maven.surefire:maven-surefire-common:jar:2.19.1:compile
[DEBUG]       org.apache.maven.surefire:surefire-booter:jar:2.19.1:compile
[DEBUG]       org.apache.maven:maven-artifact:jar:2.2.1:compile
[DEBUG]          org.codehaus.plexus:plexus-utils:jar:1.5.15:compile
[DEBUG]       org.apache.maven:maven-plugin-descriptor:jar:2.2.1:compile
[DEBUG]          org.codehaus.plexus:plexus-container-default:jar:1.0-alpha-9-stable-1:compile
[DEBUG]             junit:junit:jar:4.12:compile
[DEBUG]                org.hamcrest:hamcrest-core:jar:1.3:compile
[DEBUG]       org.apache.maven:maven-project:jar:2.2.1:compile
[DEBUG]          org.apache.maven:maven-settings:jar:2.2.1:compile
[DEBUG]          org.apache.maven:maven-profile:jar:2.2.1:compile
[DEBUG]          org.apache.maven:maven-artifact-manager:jar:2.2.1:compile
[DEBUG]             backport-util-concurrent:backport-util-concurrent:jar:3.1:compile
[DEBUG]          org.apache.maven:maven-plugin-registry:jar:2.2.1:compile
[DEBUG]          org.codehaus.plexus:plexus-interpolation:jar:1.11:compile
[DEBUG]       org.apache.maven:maven-model:jar:2.2.1:compile
[DEBUG]       org.apache.maven:maven-core:jar:2.2.1:compile
[DEBUG]          org.apache.maven:maven-plugin-parameter-documenter:jar:2.2.1:compile
[DEBUG]          org.slf4j:slf4j-jdk14:jar:1.5.6:runtime
[DEBUG]             org.slf4j:slf4j-api:jar:1.5.6:runtime
[DEBUG]          org.slf4j:jcl-over-slf4j:jar:1.5.6:runtime
[DEBUG]          org.apache.maven.reporting:maven-reporting-api:jar:3.0:compile
[DEBUG]          org.apache.maven:maven-repository-metadata:jar:2.2.1:compile
[DEBUG]          org.apache.maven:maven-error-diagnostics:jar:2.2.1:compile
[DEBUG]          org.apache.maven:maven-monitor:jar:2.2.1:compile
[DEBUG]          classworlds:classworlds:jar:1.1:compile
[DEBUG]          org.sonatype.plexus:plexus-sec-dispatcher:jar:1.3:compile
[DEBUG]             org.sonatype.plexus:plexus-cipher:jar:1.4:compile
[DEBUG]       org.apache.commons:commons-lang3:jar:3.1:compile
[DEBUG]    org.apache.maven.surefire:surefire-api:jar:2.19.1:compile
[DEBUG]    org.apache.maven:maven-toolchain:jar:2.2.1:compile
[DEBUG]    org.apache.maven.plugin-tools:maven-plugin-annotations:jar:3.3:compile
[DEBUG] Created new class realm plugin>org.apache.maven.plugins:maven-surefire-plugin:2.19.1
[DEBUG] Importing foreign packages into class realm plugin>org.apache.maven.plugins:maven-surefire-plugin:2.19.1
[DEBUG]   Imported:  < maven.api
[DEBUG] Populating class realm plugin>org.apache.maven.plugins:maven-surefire-plugin:2.19.1
[DEBUG]   Included: org.apache.maven.plugins:maven-surefire-plugin:jar:2.19.1
[DEBUG]   Included: org.apache.maven.surefire:maven-surefire-common:jar:2.19.1
[DEBUG]   Included: org.apache.maven.surefire:surefire-booter:jar:2.19.1
[DEBUG]   Included: org.codehaus.plexus:plexus-utils:jar:1.5.15
[DEBUG]   Included: junit:junit:jar:4.12
[DEBUG]   Included: org.hamcrest:hamcrest-core:jar:1.3
[DEBUG]   Included: backport-util-concurrent:backport-util-concurrent:jar:3.1
[DEBUG]   Included: org.codehaus.plexus:plexus-interpolation:jar:1.11
[DEBUG]   Included: org.slf4j:slf4j-jdk14:jar:1.5.6
[DEBUG]   Included: org.slf4j:jcl-over-slf4j:jar:1.5.6
[DEBUG]   Included: org.apache.maven.reporting:maven-reporting-api:jar:3.0
[DEBUG]   Included: org.sonatype.plexus:plexus-sec-dispatcher:jar:1.3
[DEBUG]   Included: org.sonatype.plexus:plexus-cipher:jar:1.4
[DEBUG]   Included: org.apache.commons:commons-lang3:jar:3.1
[DEBUG]   Included: org.apache.maven.surefire:surefire-api:jar:2.19.1
[DEBUG]   Included: org.apache.maven.plugin-tools:maven-plugin-annotations:jar:3.3
[DEBUG] Configuring mojo org.apache.maven.plugins:maven-surefire-plugin:2.19.1:test from plugin realm ClassRealm[plugin>org.apache.maven.plugins:maven-surefire-plugin:2.19.1, parent: sun.misc.Launcher$AppClassLoader@3301f287]
[DEBUG] Configuring mojo 'org.apache.maven.plugins:maven-surefire-plugin:2.19.1:test' with basic configurator -->
[DEBUG]   (s) additionalClasspathElements = []
[DEBUG]   (s) basedir = D:\eclipse_workspace\RealTimeProject
[DEBUG]   (s) childDelegation = false
[DEBUG]   (s) classesDirectory = D:\eclipse_workspace\RealTimeProject\target\classes
[DEBUG]   (s) classpathDependencyExcludes = []
[DEBUG]   (s) dependenciesToScan = []
[DEBUG]   (s) disableXmlReport = false
[DEBUG]   (s) enableAssertions = true
[DEBUG]   (f) forkCount = 1
[DEBUG]   (s) forkMode = once
[DEBUG]   (s) junitArtifactName = junit:junit
[DEBUG]   (s) localRepository =       id: local
      url: file:///C:/Users/prosenjit.majumder/.m2/repository/
   layout: default
snapshots: [enabled => true, update => always]
 releases: [enabled => true, update => always]

[DEBUG]   (f) parallelMavenExecution = false
[DEBUG]   (s) parallelOptimized = true
[DEBUG]   (s) perCoreThreadCount = true
[DEBUG]   (s) pluginArtifactMap = {org.apache.maven.plugins:maven-surefire-plugin=org.apache.maven.plugins:maven-surefire-plugin:maven-plugin:2.19.1:, org.apache.maven:maven-plugin-api=org.apache.maven:maven-plugin-api:jar:2.2.1:compile, org.apache.maven.surefire:maven-surefire-common=org.apache.maven.surefire:maven-surefire-common:jar:2.19.1:compile, org.apache.maven.surefire:surefire-booter=org.apache.maven.surefire:surefire-booter:jar:2.19.1:compile, org.apache.maven:maven-artifact=org.apache.maven:maven-artifact:jar:2.2.1:compile, org.codehaus.plexus:plexus-utils=org.codehaus.plexus:plexus-utils:jar:1.5.15:compile, org.apache.maven:maven-plugin-descriptor=org.apache.maven:maven-plugin-descriptor:jar:2.2.1:compile, org.codehaus.plexus:plexus-container-default=org.codehaus.plexus:plexus-container-default:jar:1.0-alpha-9-stable-1:compile, junit:junit=junit:junit:jar:4.12:compile, org.hamcrest:hamcrest-core=org.hamcrest:hamcrest-core:jar:1.3:compile, org.apache.maven:maven-project=org.apache.maven:maven-project:jar:2.2.1:compile, org.apache.maven:maven-settings=org.apache.maven:maven-settings:jar:2.2.1:compile, org.apache.maven:maven-profile=org.apache.maven:maven-profile:jar:2.2.1:compile, org.apache.maven:maven-artifact-manager=org.apache.maven:maven-artifact-manager:jar:2.2.1:compile, backport-util-concurrent:backport-util-concurrent=backport-util-concurrent:backport-util-concurrent:jar:3.1:compile, org.apache.maven:maven-plugin-registry=org.apache.maven:maven-plugin-registry:jar:2.2.1:compile, org.codehaus.plexus:plexus-interpolation=org.codehaus.plexus:plexus-interpolation:jar:1.11:compile, org.apache.maven:maven-model=org.apache.maven:maven-model:jar:2.2.1:compile, org.apache.maven:maven-core=org.apache.maven:maven-core:jar:2.2.1:compile, org.apache.maven:maven-plugin-parameter-documenter=org.apache.maven:maven-plugin-parameter-documenter:jar:2.2.1:compile, org.slf4j:slf4j-jdk14=org.slf4j:slf4j-jdk14:jar:1.5.6:runtime, org.slf4j:slf4j-api=org.slf4j:slf4j-api:jar:1.5.6:runtime, org.slf4j:jcl-over-slf4j=org.slf4j:jcl-over-slf4j:jar:1.5.6:runtime, org.apache.maven.reporting:maven-reporting-api=org.apache.maven.reporting:maven-reporting-api:jar:3.0:compile, org.apache.maven:maven-repository-metadata=org.apache.maven:maven-repository-metadata:jar:2.2.1:compile, org.apache.maven:maven-error-diagnostics=org.apache.maven:maven-error-diagnostics:jar:2.2.1:compile, org.apache.maven:maven-monitor=org.apache.maven:maven-monitor:jar:2.2.1:compile, classworlds:classworlds=classworlds:classworlds:jar:1.1:compile, org.sonatype.plexus:plexus-sec-dispatcher=org.sonatype.plexus:plexus-sec-dispatcher:jar:1.3:compile, org.sonatype.plexus:plexus-cipher=org.sonatype.plexus:plexus-cipher:jar:1.4:compile, org.apache.commons:commons-lang3=org.apache.commons:commons-lang3:jar:3.1:compile, org.apache.maven.surefire:surefire-api=org.apache.maven.surefire:surefire-api:jar:2.19.1:compile, org.apache.maven:maven-toolchain=org.apache.maven:maven-toolchain:jar:2.2.1:compile, org.apache.maven.plugin-tools:maven-plugin-annotations=org.apache.maven.plugin-tools:maven-plugin-annotations:jar:3.3:compile}
[DEBUG]   (f) pluginDescriptor = Component Descriptor: role: 'org.apache.maven.plugin.Mojo', implementation: 'org.apache.maven.plugin.surefire.HelpMojo', role hint: 'org.apache.maven.plugins:maven-surefire-plugin:2.19.1:help'
role: 'org.apache.maven.plugin.Mojo', implementation: 'org.apache.maven.plugin.surefire.SurefirePlugin', role hint: 'org.apache.maven.plugins:maven-surefire-plugin:2.19.1:test'
---
[DEBUG]   (s) printSummary = true
[DEBUG]   (s) projectArtifactMap = {org.testng:testng=org.testng:testng:jar:6.9.10:compile, com.beust:jcommander=com.beust:jcommander:jar:1.48:compile, org.beanshell:bsh=org.beanshell:bsh:jar:2.0b4:compile, com.relevantcodes:extentreports=com.relevantcodes:extentreports:jar:2.40.2:compile, org.jsoup:jsoup=org.jsoup:jsoup:jar:1.8.3:compile, org.xerial:sqlite-jdbc=org.xerial:sqlite-jdbc:jar:3.8.11.1:compile, org.freemarker:freemarker=org.freemarker:freemarker:jar:2.3.23:compile}
[DEBUG]   (s) redirectTestOutputToFile = false
[DEBUG]   (s) remoteRepositories = [      id: central
      url: https://repo.maven.apache.org/maven2
   layout: default
    proxy: proxycfk.nic.nec.co.jp:8080
snapshots: [enabled => false, update => daily]
 releases: [enabled => true, update => never]
]
[DEBUG]   (s) reportFormat = brief
[DEBUG]   (s) reportsDirectory = D:\eclipse_workspace\RealTimeProject\target\surefire-reports
[DEBUG]   (f) rerunFailingTestsCount = 0
[DEBUG]   (f) reuseForks = true
[DEBUG]   (s) runOrder = filesystem
[DEBUG]   (f) shutdown = testset
[DEBUG]   (s) skip = false
[DEBUG]   (f) skipAfterFailureCount = 0
[DEBUG]   (s) skipTests = false
[DEBUG]   (s) suiteXmlFiles = [D:\eclipse_workspace\RealTimeProject\testng.xml]
[DEBUG]   (s) testClassesDirectory = D:\eclipse_workspace\RealTimeProject\target\test-classes
[DEBUG]   (s) testFailureIgnore = false
[DEBUG]   (s) testNGArtifactName = org.testng:testng
[DEBUG]   (s) testSourceDirectory = D:\eclipse_workspace\RealTimeProject\src\test\java
[DEBUG]   (s) threadCountClasses = 0
[DEBUG]   (s) threadCountMethods = 0
[DEBUG]   (s) threadCountSuites = 0
[DEBUG]   (s) trimStackTrace = true
[DEBUG]   (s) useFile = true
[DEBUG]   (s) useManifestOnlyJar = true
[DEBUG]   (s) useSystemClassLoader = true
[DEBUG]   (s) useUnlimitedThreads = false
[DEBUG]   (s) workingDirectory = D:\eclipse_workspace\RealTimeProject
[DEBUG]   (s) project = MavenProject: RealTimeProject:RealTimeProject:0.0.1-SNAPSHOT @ D:\eclipse_workspace\RealTimeProject\pom.xml
[DEBUG]   (s) session = org.apache.maven.execution.MavenSession@6242de17
[DEBUG] -- end configuration --
[INFO] No tests to run.
[DEBUG] Surefire report directory: D:\eclipse_workspace\RealTimeProject\target\surefire-reports
[DEBUG] Setting system property [user.dir]=[D:\eclipse_workspace\RealTimeProject]
[DEBUG] Setting system property [localRepository]=[C:\Users\prosenjit.majumder\.m2\repository]
[DEBUG] Setting system property [basedir]=[D:\eclipse_workspace\RealTimeProject]
[DEBUG] dummy:dummy:jar:1.0 (selected for null)
[DEBUG]   org.apache.maven.surefire:surefire-booter:jar:2.19.1:compile (selected for compile)
[DEBUG]     org.apache.maven.surefire:surefire-api:jar:2.19.1:compile (selected for compile)
[DEBUG] Adding to surefire booter test classpath: C:\Users\prosenjit.majumder\.m2\repository\org\apache\maven\surefire\surefire-booter\2.19.1\surefire-booter-2.19.1.jar Scope: compile
[DEBUG] Adding to surefire booter test classpath: C:\Users\prosenjit.majumder\.m2\repository\org\apache\maven\surefire\surefire-api\2.19.1\surefire-api-2.19.1.jar Scope: compile
[DEBUG] Using JVM: C:\Program Files\Java\jdk1.7.0_80\jre\bin\java
[DEBUG] dummy:dummy:jar:1.0 (selected for null)
[DEBUG]   org.apache.maven.surefire:surefire-testng:jar:2.19.1:test (selected for test)
[DEBUG]     org.apache.maven.surefire:common-java5:jar:2.19.1:test (selected for test)
[DEBUG]       org.apache.maven.surefire:surefire-api:jar:2.19.1:test (selected for test)
[DEBUG]     org.apache.maven.surefire:surefire-testng-utils:jar:2.19.1:test (selected for test)
[DEBUG]       org.apache.maven.surefire:surefire-grouper:jar:2.19.1:test (selected for test)
[DEBUG]     org.apache.maven.surefire:surefire-api:jar:2.19.1:test (selected for test)
[DEBUG] Adding to surefire test classpath: C:\Users\prosenjit.majumder\.m2\repository\org\apache\maven\surefire\surefire-testng\2.19.1\surefire-testng-2.19.1.jar Scope: test
[DEBUG] Adding to surefire test classpath: C:\Users\prosenjit.majumder\.m2\repository\org\apache\maven\surefire\common-java5\2.19.1\common-java5-2.19.1.jar Scope: test
[DEBUG] Adding to surefire test classpath: C:\Users\prosenjit.majumder\.m2\repository\org\apache\maven\surefire\surefire-api\2.19.1\surefire-api-2.19.1.jar Scope: test
[DEBUG] Adding to surefire test classpath: C:\Users\prosenjit.majumder\.m2\repository\org\apache\maven\surefire\surefire-testng-utils\2.19.1\surefire-testng-utils-2.19.1.jar Scope: test
[DEBUG] Adding to surefire test classpath: C:\Users\prosenjit.majumder\.m2\repository\org\apache\maven\surefire\surefire-grouper\2.19.1\surefire-grouper-2.19.1.jar Scope: test
[DEBUG] test classpath:  D:\eclipse_workspace\RealTimeProject\target\test-classes  D:\eclipse_workspace\RealTimeProject\target\classes  C:\Users\prosenjit.majumder\.m2\repository\org\testng\testng\6.9.10\testng-6.9.10.jar  C:\Users\prosenjit.majumder\.m2\repository\com\beust\jcommander\1.48\jcommander-1.48.jar  C:\Users\prosenjit.majumder\.m2\repository\org\beanshell\bsh\2.0b4\bsh-2.0b4.jar  C:\Users\prosenjit.majumder\.m2\repository\com\relevantcodes\extentreports\2.40.2\extentreports-2.40.2.jar  C:\Users\prosenjit.majumder\.m2\repository\org\jsoup\jsoup\1.8.3\jsoup-1.8.3.jar  C:\Users\prosenjit.majumder\.m2\repository\org\xerial\sqlite-jdbc\3.8.11.1\sqlite-jdbc-3.8.11.1.jar  C:\Users\prosenjit.majumder\.m2\repository\org\freemarker\freemarker\2.3.23\freemarker-2.3.23.jar  C:\Users\prosenjit.majumder\.m2\repository\org\apache\maven\surefire\surefire-testng-utils\2.19.1\surefire-testng-utils-2.19.1.jar  C:\Users\prosenjit.majumder\.m2\repository\org\apache\maven\surefire\surefire-grouper\2.19.1\surefire-grouper-2.19.1.jar
[DEBUG] provider classpath:  C:\Users\prosenjit.majumder\.m2\repository\org\apache\maven\surefire\surefire-testng\2.19.1\surefire-testng-2.19.1.jar  C:\Users\prosenjit.majumder\.m2\repository\org\apache\maven\surefire\common-java5\2.19.1\common-java5-2.19.1.jar  C:\Users\prosenjit.majumder\.m2\repository\org\apache\maven\surefire\surefire-api\2.19.1\surefire-api-2.19.1.jar  C:\Users\prosenjit.majumder\.m2\repository\org\apache\maven\surefire\surefire-testng-utils\2.19.1\surefire-testng-utils-2.19.1.jar  C:\Users\prosenjit.majumder\.m2\repository\org\apache\maven\surefire\surefire-grouper\2.19.1\surefire-grouper-2.19.1.jar
[DEBUG] test(compact) classpath:  test-classes  classes  testng-6.9.10.jar  jcommander-1.48.jar  bsh-2.0b4.jar  extentreports-2.40.2.jar  jsoup-1.8.3.jar  sqlite-jdbc-3.8.11.1.jar  freemarker-2.3.23.jar  surefire-testng-utils-2.19.1.jar  surefire-grouper-2.19.1.jar
[DEBUG] provider(compact) classpath:  surefire-testng-2.19.1.jar  common-java5-2.19.1.jar  surefire-api-2.19.1.jar  surefire-testng-utils-2.19.1.jar  surefire-grouper-2.19.1.jar

-------------------------------------------------------
 T E S T S
-------------------------------------------------------
[DEBUG] boot classpath:  C:\Users\prosenjit.majumder\.m2\repository\org\apache\maven\surefire\surefire-booter\2.19.1\surefire-booter-2.19.1.jar  C:\Users\prosenjit.majumder\.m2\repository\org\apache\maven\surefire\surefire-api\2.19.1\surefire-api-2.19.1.jar  D:\eclipse_workspace\RealTimeProject\target\test-classes  D:\eclipse_workspace\RealTimeProject\target\classes  C:\Users\prosenjit.majumder\.m2\repository\org\testng\testng\6.9.10\testng-6.9.10.jar  C:\Users\prosenjit.majumder\.m2\repository\com\beust\jcommander\1.48\jcommander-1.48.jar  C:\Users\prosenjit.majumder\.m2\repository\org\beanshell\bsh\2.0b4\bsh-2.0b4.jar  C:\Users\prosenjit.majumder\.m2\repository\com\relevantcodes\extentreports\2.40.2\extentreports-2.40.2.jar  C:\Users\prosenjit.majumder\.m2\repository\org\jsoup\jsoup\1.8.3\jsoup-1.8.3.jar  C:\Users\prosenjit.majumder\.m2\repository\org\xerial\sqlite-jdbc\3.8.11.1\sqlite-jdbc-3.8.11.1.jar  C:\Users\prosenjit.majumder\.m2\repository\org\freemarker\freemarker\2.3.23\freemarker-2.3.23.jar  C:\Users\prosenjit.majumder\.m2\repository\org\apache\maven\surefire\surefire-testng-utils\2.19.1\surefire-testng-utils-2.19.1.jar  C:\Users\prosenjit.majumder\.m2\repository\org\apache\maven\surefire\surefire-grouper\2.19.1\surefire-grouper-2.19.1.jar  C:\Users\prosenjit.majumder\.m2\repository\org\apache\maven\surefire\surefire-testng\2.19.1\surefire-testng-2.19.1.jar  C:\Users\prosenjit.majumder\.m2\repository\org\apache\maven\surefire\common-java5\2.19.1\common-java5-2.19.1.jar
[DEBUG] boot(compact) classpath:  surefire-booter-2.19.1.jar  surefire-api-2.19.1.jar  test-classes  classes  testng-6.9.10.jar  jcommander-1.48.jar  bsh-2.0b4.jar  extentreports-2.40.2.jar  jsoup-1.8.3.jar  sqlite-jdbc-3.8.11.1.jar  freemarker-2.3.23.jar  surefire-testng-utils-2.19.1.jar  surefire-grouper-2.19.1.jar  surefire-testng-2.19.1.jar  common-java5-2.19.1.jar
Forking command line: cmd.exe /X /C ""C:\Program Files\Java\jdk1.7.0_80\jre\bin\java" -jar D:\eclipse_workspace\RealTimeProject\target\surefire\surefirebooter4813455950478721495.jar D:\eclipse_workspace\RealTimeProject\target\surefire\surefire6521679034448451460tmp D:\eclipse_workspace\RealTimeProject\target\surefire\surefire_05452953137161375420tmp"

Results :

Tests run: 0, Failures: 0, Errors: 0, Skipped: 0

[INFO] ------------------------------------------------------------------------
[INFO] BUILD FAILURE
[INFO] ------------------------------------------------------------------------
[INFO] Total time: 3.380 s
[INFO] Finished at: 2016-05-18T18:16:18+05:30
[INFO] Final Memory: 11M/219M
[INFO] ------------------------------------------------------------------------
[ERROR] Failed to execute goal org.apache.maven.plugins:maven-surefire-plugin:2.19.1:test (default-test) on project RealTimeProject: Execution default-test of goal org.apache.maven.plugins:maven-surefire-plugin:2.19.1:test failed: There was an error in the forked process
[ERROR] org.apache.maven.surefire.testset.TestSetFailedException: Suite file D:\eclipse_workspace\RealTimeProject\testng.xml is not a valid file
[ERROR] at org.apache.maven.surefire.testng.TestNGXmlTestSuite.locateTestSets(TestNGXmlTestSuite.java:98)
[ERROR] at org.apache.maven.surefire.testng.TestNGProvider.invoke(TestNGProvider.java:120)
[ERROR] at org.apache.maven.surefire.booter.ForkedBooter.invokeProviderInSameClassLoader(ForkedBooter.java:290)
[ERROR] at org.apache.maven.surefire.booter.ForkedBooter.runSuitesInProcess(ForkedBooter.java:242)
[ERROR] at org.apache.maven.surefire.booter.ForkedBooter.main(ForkedBooter.java:121)
[ERROR] -> [Help 1]
org.apache.maven.lifecycle.LifecycleExecutionException: Failed to execute goal org.apache.maven.plugins:maven-surefire-plugin:2.19.1:test (default-test) on project RealTimeProject: Execution default-test of goal org.apache.maven.plugins:maven-surefire-plugin:2.19.1:test failed: There was an error in the forked process
org.apache.maven.surefire.testset.TestSetFailedException: Suite file D:\eclipse_workspace\RealTimeProject\testng.xml is not a valid file
	at org.apache.maven.surefire.testng.TestNGXmlTestSuite.locateTestSets(TestNGXmlTestSuite.java:98)
	at org.apache.maven.surefire.testng.TestNGProvider.invoke(TestNGProvider.java:120)
	at org.apache.maven.surefire.booter.ForkedBooter.invokeProviderInSameClassLoader(ForkedBooter.java:290)
	at org.apache.maven.surefire.booter.ForkedBooter.runSuitesInProcess(ForkedBooter.java:242)
	at org.apache.maven.surefire.booter.ForkedBooter.main(ForkedBooter.java:121)

	at org.apache.maven.lifecycle.internal.MojoExecutor.execute(MojoExecutor.java:212)
	at org.apache.maven.lifecycle.internal.MojoExecutor.execute(MojoExecutor.java:153)
	at org.apache.maven.lifecycle.internal.MojoExecutor.execute(MojoExecutor.java:145)
	at org.apache.maven.lifecycle.internal.LifecycleModuleBuilder.buildProject(LifecycleModuleBuilder.java:116)
	at org.apache.maven.lifecycle.internal.LifecycleModuleBuilder.buildProject(LifecycleModuleBuilder.java:80)
	at org.apache.maven.lifecycle.internal.builder.singlethreaded.SingleThreadedBuilder.build(SingleThreadedBuilder.java:51)
	at org.apache.maven.lifecycle.internal.LifecycleStarter.execute(LifecycleStarter.java:128)
	at org.apache.maven.DefaultMaven.doExecute(DefaultMaven.java:307)
	at org.apache.maven.DefaultMaven.doExecute(DefaultMaven.java:193)
	at org.apache.maven.DefaultMaven.execute(DefaultMaven.java:106)
	at org.apache.maven.cli.MavenCli.execute(MavenCli.java:863)
	at org.apache.maven.cli.MavenCli.doMain(MavenCli.java:288)
	at org.apache.maven.cli.MavenCli.main(MavenCli.java:199)
	at sun.reflect.NativeMethodAccessorImpl.invoke0(Native Method)
	at sun.reflect.NativeMethodAccessorImpl.invoke(NativeMethodAccessorImpl.java:57)
	at sun.reflect.DelegatingMethodAccessorImpl.invoke(DelegatingMethodAccessorImpl.java:43)
	at java.lang.reflect.Method.invoke(Method.java:606)
	at org.codehaus.plexus.classworlds.launcher.Launcher.launchEnhanced(Launcher.java:289)
	at org.codehaus.plexus.classworlds.launcher.Launcher.launch(Launcher.java:229)
	at org.codehaus.plexus.classworlds.launcher.Launcher.mainWithExitCode(Launcher.java:415)
	at org.codehaus.plexus.classworlds.launcher.Launcher.main(Launcher.java:356)
Caused by: org.apache.maven.plugin.PluginExecutionException: Execution default-test of goal org.apache.maven.plugins:maven-surefire-plugin:2.19.1:test failed: There was an error in the forked process
org.apache.maven.surefire.testset.TestSetFailedException: Suite file D:\eclipse_workspace\RealTimeProject\testng.xml is not a valid file
	at org.apache.maven.surefire.testng.TestNGXmlTestSuite.locateTestSets(TestNGXmlTestSuite.java:98)
	at org.apache.maven.surefire.testng.TestNGProvider.invoke(TestNGProvider.java:120)
	at org.apache.maven.surefire.booter.ForkedBooter.invokeProviderInSameClassLoader(ForkedBooter.java:290)
	at org.apache.maven.surefire.booter.ForkedBooter.runSuitesInProcess(ForkedBooter.java:242)
	at org.apache.maven.surefire.booter.ForkedBooter.main(ForkedBooter.java:121)

	at org.apache.maven.plugin.DefaultBuildPluginManager.executeMojo(DefaultBuildPluginManager.java:145)
	at org.apache.maven.lifecycle.internal.MojoExecutor.execute(MojoExecutor.java:207)
	... 20 more
Caused by: java.lang.RuntimeException: There was an error in the forked process
org.apache.maven.surefire.testset.TestSetFailedException: Suite file D:\eclipse_workspace\RealTimeProject\testng.xml is not a valid file
	at org.apache.maven.surefire.testng.TestNGXmlTestSuite.locateTestSets(TestNGXmlTestSuite.java:98)
	at org.apache.maven.surefire.testng.TestNGProvider.invoke(TestNGProvider.java:120)
	at org.apache.maven.surefire.booter.ForkedBooter.invokeProviderInSameClassLoader(ForkedBooter.java:290)
	at org.apache.maven.surefire.booter.ForkedBooter.runSuitesInProcess(ForkedBooter.java:242)
	at org.apache.maven.surefire.booter.ForkedBooter.main(ForkedBooter.java:121)

	at org.apache.maven.plugin.surefire.booterclient.ForkStarter.fork(ForkStarter.java:584)
	at org.apache.maven.plugin.surefire.booterclient.ForkStarter.fork(ForkStarter.java:460)
	at org.apache.maven.plugin.surefire.booterclient.ForkStarter.run(ForkStarter.java:229)
	at org.apache.maven.plugin.surefire.booterclient.ForkStarter.run(ForkStarter.java:201)
	at org.apache.maven.plugin.surefire.AbstractSurefireMojo.executeProvider(AbstractSurefireMojo.java:1026)
	at org.apache.maven.plugin.surefire.AbstractSurefireMojo.executeAfterPreconditionsChecked(AbstractSurefireMojo.java:862)
	at org.apache.maven.plugin.surefire.AbstractSurefireMojo.execute(AbstractSurefireMojo.java:755)
	at org.apache.maven.plugin.DefaultBuildPluginManager.executeMojo(DefaultBuildPluginManager.java:134)
	... 21 more
[ERROR] 
[ERROR] 
[ERROR] For more information about the errors and possible solutions, please read the following articles:
[ERROR] [Help 1] http://cwiki.apache.org/confluence/display/MAVEN/PluginExecutionException
