<?xml version="1.0" encoding="UTF-8"?>
<!-- Generated by org.testng.reporters.JUnitXMLReporter -->
<testsuite hostname="Murshi-PC" name="Test" tests="9" failures="1" timestamp="11 Feb 2019 09:51:31 GMT" time="45.907" errors="0">
  <testcase name="@AfterTest endReport" time="0.0" classname="com.test.TestCase1">
    <failure type="java.lang.NullPointerException">
      <![CDATA[java.lang.NullPointerException
	at com.test.TestCase1.endReport(TestCase1.java:221)
... Removed 22 stack frames]]>
    </failure>
  </testcase> <!-- @AfterTest endReport -->
  <testcase name="openPage" time="3.206" classname="com.test.TestCase1"/>
  <testcase name="verifyTitle" time="0.016" classname="com.test.TestCase1"/>
  <testcase name="clickOnMobileMenu" time="1.465" classname="com.test.TestCase1"/>
  <testcase name="mobilePageTitle" time="0.063" classname="com.test.TestCase1"/>
  <testcase name="productsSortByName" time="0.618" classname="com.test.TestCase1"/>
  <testcase name="verifyXperiaPrice" time="32.907" classname="com.test.TestCase1">
    <failure type="java.lang.AssertionError" message="expected [no such element: Unable to locate element: {&amp;quot;method&amp;quot;:&amp;quot;xpath&amp;quot;,&amp;quot;selector&amp;quot;:&amp;quot;//div[@class=&amp;apos;product-shop&amp;apos;]/div[2]/div[1]/span[2]&amp;quot;}
  (Session info: chrome=71.0.3578.98)
  (Driver info: chromedriver=2.42.591088 (7b2b2dca23cca0862f674758c9a3933e685c27d5),platform=Windows NT 6.1.7601 SP1 x86_64) (WARNING: The server did not provide any stacktrace information)
Command duration or timeout: 30.05 seconds
For documentation on this error, please visit: http://seleniumhq.org/exceptions/no_such_element.html
Build info: version: &amp;apos;2.53.0&amp;apos;, revision: &amp;apos;35ae25b1534ae328c771e0856c93e187490ca824&amp;apos;, time: &amp;apos;2016-03-15 10:43:46&amp;apos;
System info: host: &amp;apos;Murshi-PC&amp;apos;, ip: &amp;apos;192.168.1.7&amp;apos;, os.name: &amp;apos;Windows 7&amp;apos;, os.arch: &amp;apos;amd64&amp;apos;, os.version: &amp;apos;6.1&amp;apos;, java.version: &amp;apos;1.8.0_181&amp;apos;
Driver info: org.openqa.selenium.chrome.ChromeDriver
Capabilities [{mobileEmulationEnabled=false, hasTouchScreen=false, platform=XP, acceptSslCerts=false, goog:chromeOptions={debuggerAddress=localhost:64438}, acceptInsecureCerts=false, webStorageEnabled=true, browserName=chrome, takesScreenshot=true, javascriptEnabled=true, setWindowRect=true, unexpectedAlertBehaviour=, applicationCacheEnabled=false, rotatable=false, networkConnectionEnabled=false, chrome={chromedriverVersion=2.42.591088 (7b2b2dca23cca0862f674758c9a3933e685c27d5), userDataDir=C:\Users\Murshi\AppData\Local\Temp\scoped_dir5492_589}, takesHeapSnapshot=true, pageLoadStrategy=normal, databaseEnabled=false, handlesAlerts=true, version=71.0.3578.98, browserConnectionEnabled=false, nativeEvents=true, locationContextEnabled=true, cssSelectorsEnabled=true}]
Session ID: 25560b819f160d0c0ea920b6f393b765
*** Element info: {Using=xpath, value=//div[@class=&amp;apos;product-shop&amp;apos;]/div[2]/div[1]/span[2]}] but found [$100.00]">
      <![CDATA[java.lang.AssertionError: expected [no such element: Unable to locate element: {"method":"xpath","selector":"//div[@class='product-shop']/div[2]/div[1]/span[2]"}
  (Session info: chrome=71.0.3578.98)
  (Driver info: chromedriver=2.42.591088 (7b2b2dca23cca0862f674758c9a3933e685c27d5),platform=Windows NT 6.1.7601 SP1 x86_64) (WARNING: The server did not provide any stacktrace information)
Command duration or timeout: 30.05 seconds
For documentation on this error, please visit: http://seleniumhq.org/exceptions/no_such_element.html
Build info: version: '2.53.0', revision: '35ae25b1534ae328c771e0856c93e187490ca824', time: '2016-03-15 10:43:46'
System info: host: 'Murshi-PC', ip: '192.168.1.7', os.name: 'Windows 7', os.arch: 'amd64', os.version: '6.1', java.version: '1.8.0_181'
Driver info: org.openqa.selenium.chrome.ChromeDriver
Capabilities [{mobileEmulationEnabled=false, hasTouchScreen=false, platform=XP, acceptSslCerts=false, goog:chromeOptions={debuggerAddress=localhost:64438}, acceptInsecureCerts=false, webStorageEnabled=true, browserName=chrome, takesScreenshot=true, javascriptEnabled=true, setWindowRect=true, unexpectedAlertBehaviour=, applicationCacheEnabled=false, rotatable=false, networkConnectionEnabled=false, chrome={chromedriverVersion=2.42.591088 (7b2b2dca23cca0862f674758c9a3933e685c27d5), userDataDir=C:\Users\Murshi\AppData\Local\Temp\scoped_dir5492_589}, takesHeapSnapshot=true, pageLoadStrategy=normal, databaseEnabled=false, handlesAlerts=true, version=71.0.3578.98, browserConnectionEnabled=false, nativeEvents=true, locationContextEnabled=true, cssSelectorsEnabled=true}]
Session ID: 25560b819f160d0c0ea920b6f393b765
*** Element info: {Using=xpath, value=//div[@class='product-shop']/div[2]/div[1]/span[2]}] but found [$100.00]
	at com.test.TestCase1.verifyXperiaPrice(TestCase1.java:136)
... Removed 30 stack frames]]>
    </failure>
  </testcase> <!-- verifyXperiaPrice -->
  <testcase name="verifyQtyUpdateErrMsg" time="0.0" classname="com.test.TestCase1">
    <skipped/>
  </testcase> <!-- verifyQtyUpdateErrMsg -->
  <testcase name="verifyEmptyCartMsg" time="0.0" classname="com.test.TestCase1">
    <skipped/>
  </testcase> <!-- verifyEmptyCartMsg -->
  <testcase name="compareMobiles" time="0.0" classname="com.test.TestCase1">
    <skipped/>
  </testcase> <!-- compareMobiles -->
</testsuite> <!-- Test -->
