<?xml version="1.0" encoding="UTF-8"?>
<!-- Generated by org.testng.reporters.JUnitXMLReporter -->
<testsuite hostname="Murshi-PC" name="Testing On IE" tests="9" failures="0" timestamp="11 Feb 2019 10:30:15 GMT" time="1.14" errors="0">
  <testcase name="@BeforeClass setup" time="0.0" classname="com.test.TestCase1">
    <failure type="java.lang.IllegalStateException" message="The path to the driver executable must be set by the webdriver.chrome.driver system property; for more information, see https://github.com/SeleniumHQ/selenium/wiki/ChromeDriver. The latest version can be downloaded from http://chromedriver.storage.googleapis.com/index.html">
      <![CDATA[java.lang.IllegalStateException: The path to the driver executable must be set by the webdriver.chrome.driver system property; for more information, see https://github.com/SeleniumHQ/selenium/wiki/ChromeDriver. The latest version can be downloaded from http://chromedriver.storage.googleapis.com/index.html
	at com.google.common.base.Preconditions.checkState(Preconditions.java:199)
	at org.openqa.selenium.remote.service.DriverService.findExecutable(DriverService.java:109)
	at org.openqa.selenium.chrome.ChromeDriverService.access$000(ChromeDriverService.java:32)
	at org.openqa.selenium.chrome.ChromeDriverService$Builder.findDefaultExecutable(ChromeDriverService.java:137)
	at org.openqa.selenium.remote.service.DriverService$Builder.build(DriverService.java:296)
	at org.openqa.selenium.chrome.ChromeDriverService.createDefaultService(ChromeDriverService.java:88)
	at org.openqa.selenium.chrome.ChromeDriver.<init>(ChromeDriver.java:116)
	at com.utility.BrowserFactory.startBrowser(BrowserFactory.java:28)
	at com.test.TestCase1.setup(TestCase1.java:61)
... Removed 24 stack frames]]>
    </failure>
  </testcase> <!-- @BeforeClass setup -->
  <testcase name="@AfterMethod tearDown" time="0.0" classname="com.test.TestCase1">
    <skipped/>
  </testcase> <!-- @AfterMethod tearDown -->
  <testcase name="@AfterTest endReport" time="0.0" classname="com.test.TestCase1">
    <skipped/>
  </testcase> <!-- @AfterTest endReport -->
  <testcase name="openPage" time="0.002" classname="com.test.TestCase1">
    <skipped/>
  </testcase> <!-- openPage -->
  <testcase name="verifyTitle" time="0.0" classname="com.test.TestCase1">
    <skipped/>
  </testcase> <!-- verifyTitle -->
  <testcase name="clickOnMobileMenu" time="0.0" classname="com.test.TestCase1">
    <skipped/>
  </testcase> <!-- clickOnMobileMenu -->
  <testcase name="mobilePageTitle" time="0.0" classname="com.test.TestCase1">
    <skipped/>
  </testcase> <!-- mobilePageTitle -->
  <testcase name="productsSortByName" time="0.0" classname="com.test.TestCase1">
    <skipped/>
  </testcase> <!-- productsSortByName -->
  <testcase name="verifyXperiaPrice" time="0.0" classname="com.test.TestCase1">
    <skipped/>
  </testcase> <!-- verifyXperiaPrice -->
  <testcase name="verifyQtyUpdateErrMsg" time="0.0" classname="com.test.TestCase1">
    <skipped/>
  </testcase> <!-- verifyQtyUpdateErrMsg -->
  <testcase name="verifyEmptyCartMsg" time="0.0" classname="com.test.TestCase1">
    <skipped/>
  </testcase> <!-- verifyEmptyCartMsg -->
  <testcase name="compareMobiles" time="0.0" classname="com.test.TestCase1">
    <skipped/>
  </testcase> <!-- compareMobiles -->
</testsuite> <!-- Testing On IE -->
